<?xml version="1.0" encoding="UTF-8" standalone="yes"?><!DOCTYPE report PUBLIC "-//JACOCO//DTD Report 1.0//EN" "report.dtd"><report name="JaCoCoverage analysis (powered by JaCoCo from EclEmma)"><sessioninfo id="Did-Y2P-11365ac3" start="1427930774805" dump="1427930775155"/><sessioninfo id="Did-Y2P-a1fd116f" start="1427930775435" dump="1427930775755"/><package name="didroe/tnc"><class name="didroe/tnc/Tnc"><method name="&lt;init&gt;" desc="()V" line="12"><counter type="INSTRUCTION" missed="30" covered="0"/><counter type="LINE" missed="10" covered="0"/><counter type="COMPLEXITY" missed="1" covered="0"/><counter type="METHOD" missed="1" covered="0"/></method><method name="function" desc="(Ldidroe/tnc/TncFunction;)Ldidroe/tnc/Tnc;" line="36"><counter type="INSTRUCTION" missed="5" covered="0"/><counter type="LINE" missed="2" covered="0"/><counter type="COMPLEXITY" missed="1" covered="0"/><counter type="METHOD" missed="1" covered="0"/></method><method name="callback" desc="(Ldidroe/tnc/TncImpl$TncCallback;)Ldidroe/tnc/Tnc;" line="44"><counter type="INSTRUCTION" missed="5" covered="0"/><counter type="LINE" missed="2" covered="0"/><counter type="COMPLEXITY" missed="1" covered="0"/><counter type="METHOD" missed="1" covered="0"/></method><method name="initialGuess" desc="([D)Ldidroe/tnc/Tnc;" line="52"><counter type="INSTRUCTION" missed="5" covered="0"/><counter type="LINE" missed="2" covered="0"/><counter type="COMPLEXITY" missed="1" covered="0"/><counter type="METHOD" missed="1" covered="0"/></method><method name="lowerBounds" desc="([D)Ldidroe/tnc/Tnc;" line="61"><counter type="INSTRUCTION" missed="5" covered="0"/><counter type="LINE" missed="2" covered="0"/><counter type="COMPLEXITY" missed="1" covered="0"/><counter type="METHOD" missed="1" covered="0"/></method><method name="upperBounds" desc="([D)Ldidroe/tnc/Tnc;" line="70"><counter type="INSTRUCTION" missed="5" covered="0"/><counter type="LINE" missed="2" covered="0"/><counter type="COMPLEXITY" missed="1" covered="0"/><counter type="METHOD" missed="1" covered="0"/></method><method name="scale" desc="([D)Ldidroe/tnc/Tnc;" line="79"><counter type="INSTRUCTION" missed="5" covered="0"/><counter type="LINE" missed="2" covered="0"/><counter type="COMPLEXITY" missed="1" covered="0"/><counter type="METHOD" missed="1" covered="0"/></method><method name="offset" desc="([D)Ldidroe/tnc/Tnc;" line="88"><counter type="INSTRUCTION" missed="5" covered="0"/><counter type="LINE" missed="2" covered="0"/><counter type="COMPLEXITY" missed="1" covered="0"/><counter type="METHOD" missed="1" covered="0"/></method><method name="maxConjugateGradientIterations" desc="(I)Ldidroe/tnc/Tnc;" line="99"><counter type="INSTRUCTION" missed="5" covered="0"/><counter type="LINE" missed="2" covered="0"/><counter type="COMPLEXITY" missed="1" covered="0"/><counter type="METHOD" missed="1" covered="0"/></method><method name="eta" desc="(D)Ldidroe/tnc/Tnc;" line="108"><counter type="INSTRUCTION" missed="5" covered="0"/><counter type="LINE" missed="2" covered="0"/><counter type="COMPLEXITY" missed="1" covered="0"/><counter type="METHOD" missed="1" covered="0"/></method><method name="maxFunctionEvaluations" desc="(I)Ldidroe/tnc/Tnc;" line="117"><counter type="INSTRUCTION" missed="6" covered="0"/><counter type="LINE" missed="2" covered="0"/><counter type="COMPLEXITY" missed="1" covered="0"/><counter type="METHOD" missed="1" covered="0"/></method><method name="maxLinearSearchStep" desc="(D)Ldidroe/tnc/Tnc;" line="127"><counter type="INSTRUCTION" missed="5" covered="0"/><counter type="LINE" missed="2" covered="0"/><counter type="COMPLEXITY" missed="1" covered="0"/><counter type="METHOD" missed="1" covered="0"/></method><method name="accuracy" desc="(D)Ldidroe/tnc/Tnc;" line="137"><counter type="INSTRUCTION" missed="5" covered="0"/><counter type="LINE" missed="2" covered="0"/><counter type="COMPLEXITY" missed="1" covered="0"/><counter type="METHOD" missed="1" covered="0"/></method><method name="minFunctionValueEstimate" desc="(D)Ldidroe/tnc/Tnc;" line="145"><counter type="INSTRUCTION" missed="5" covered="0"/><counter type="LINE" missed="2" covered="0"/><counter type="COMPLEXITY" missed="1" covered="0"/><counter type="METHOD" missed="1" covered="0"/></method><method name="valuePrecisionGoal" desc="(D)Ldidroe/tnc/Tnc;" line="154"><counter type="INSTRUCTION" missed="5" covered="0"/><counter type="LINE" missed="2" covered="0"/><counter type="COMPLEXITY" missed="1" covered="0"/><counter type="METHOD" missed="1" covered="0"/></method><method name="parameterPrecisionGoal" desc="(D)Ldidroe/tnc/Tnc;" line="164"><counter type="INSTRUCTION" missed="5" covered="0"/><counter type="LINE" missed="2" covered="0"/><counter type="COMPLEXITY" missed="1" covered="0"/><counter type="METHOD" missed="1" covered="0"/></method><method name="gradientPrecisionGoal" desc="(D)Ldidroe/tnc/Tnc;" line="175"><counter type="INSTRUCTION" missed="5" covered="0"/><counter type="LINE" missed="2" covered="0"/><counter type="COMPLEXITY" missed="1" covered="0"/><counter type="METHOD" missed="1" covered="0"/></method><method name="rescale" desc="(D)Ldidroe/tnc/Tnc;" line="185"><counter type="INSTRUCTION" missed="5" covered="0"/><counter type="LINE" missed="2" covered="0"/><counter type="COMPLEXITY" missed="1" covered="0"/><counter type="METHOD" missed="1" covered="0"/></method><method name="copyArray" desc="([D)[D" line="190"><counter type="INSTRUCTION" missed="17" covered="0"/><counter type="BRANCH" missed="2" covered="0"/><counter type="LINE" missed="5" covered="0"/><counter type="COMPLEXITY" missed="2" covered="0"/><counter type="METHOD" missed="1" covered="0"/></method><method name="validate" desc="()V" line="200"><counter type="INSTRUCTION" missed="77" covered="0"/><counter type="BRANCH" missed="20" covered="0"/><counter type="LINE" missed="13" covered="0"/><counter type="COMPLEXITY" missed="11" covered="0"/><counter type="METHOD" missed="1" covered="0"/></method><method name="minimize" desc="()Ldidroe/tnc/TncResult;" line="230"><counter type="INSTRUCTION" missed="96" covered="0"/><counter type="BRANCH" missed="2" covered="0"/><counter type="LINE" missed="11" covered="0"/><counter type="COMPLEXITY" missed="2" covered="0"/><counter type="METHOD" missed="1" covered="0"/></method><counter type="INSTRUCTION" missed="306" covered="0"/><counter type="BRANCH" missed="24" covered="0"/><counter type="LINE" missed="73" covered="0"/><counter type="COMPLEXITY" missed="33" covered="0"/><counter type="METHOD" missed="21" covered="0"/><counter type="CLASS" missed="1" covered="0"/></class><class name="didroe/tnc/TncImpl$getptcIterRef"><method name="&lt;init&gt;" desc="(Ldidroe/tnc/TncImpl;)V" line="1584"><counter type="INSTRUCTION" missed="6" covered="0"/><counter type="LINE" missed="1" covered="0"/><counter type="COMPLEXITY" missed="1" covered="0"/><counter type="METHOD" missed="1" covered="0"/></method><counter type="INSTRUCTION" missed="6" covered="0"/><counter type="LINE" missed="1" covered="0"/><counter type="COMPLEXITY" missed="1" covered="0"/><counter type="METHOD" missed="1" covered="0"/><counter type="CLASS" missed="1" covered="0"/></class><class name="didroe/tnc/TncImpl$tnc_rc"><method name="values" desc="()[Ldidroe/tnc/TncImpl$tnc_rc;" line="53"><counter type="INSTRUCTION" missed="4" covered="0"/><counter type="LINE" missed="1" covered="0"/><counter type="COMPLEXITY" missed="1" covered="0"/><counter type="METHOD" missed="1" covered="0"/></method><method name="valueOf" desc="(Ljava/lang/String;)Ldidroe/tnc/TncImpl$tnc_rc;" line="53"><counter type="INSTRUCTION" missed="5" covered="0"/><counter type="LINE" missed="1" covered="0"/><counter type="COMPLEXITY" missed="1" covered="0"/><counter type="METHOD" missed="1" covered="0"/></method><method name="getMessage" desc="()Ljava/lang/String;" line="99"><counter type="INSTRUCTION" missed="3" covered="0"/><counter type="LINE" missed="1" covered="0"/><counter type="COMPLEXITY" missed="1" covered="0"/><counter type="METHOD" missed="1" covered="0"/></method><method name="&lt;init&gt;" desc="(Ljava/lang/String;ILjava/lang/String;)V" line="102"><counter type="INSTRUCTION" missed="8" covered="0"/><counter type="LINE" missed="3" covered="0"/><counter type="COMPLEXITY" missed="1" covered="0"/><counter type="METHOD" missed="1" covered="0"/></method><method name="&lt;clinit&gt;" desc="()V" line="53"><counter type="INSTRUCTION" missed="114" covered="0"/><counter type="LINE" missed="11" covered="0"/><counter type="COMPLEXITY" missed="1" covered="0"/><counter type="METHOD" missed="1" covered="0"/></method><counter type="INSTRUCTION" missed="134" covered="0"/><counter type="LINE" missed="15" covered="0"/><counter type="COMPLEXITY" missed="5" covered="0"/><counter type="METHOD" missed="5" covered="0"/><counter type="CLASS" missed="1" covered="0"/></class><class name="didroe/tnc/TncImpl$ls_rc"><method name="values" desc="()[Ldidroe/tnc/TncImpl$ls_rc;" line="142"><counter type="INSTRUCTION" missed="4" covered="0"/><counter type="LINE" missed="1" covered="0"/><counter type="COMPLEXITY" missed="1" covered="0"/><counter type="METHOD" missed="1" covered="0"/></method><method name="valueOf" desc="(Ljava/lang/String;)Ldidroe/tnc/TncImpl$ls_rc;" line="142"><counter type="INSTRUCTION" missed="5" covered="0"/><counter type="LINE" missed="1" covered="0"/><counter type="COMPLEXITY" missed="1" covered="0"/><counter type="METHOD" missed="1" covered="0"/></method><method name="&lt;init&gt;" desc="(Ljava/lang/String;I)V" line="142"><counter type="INSTRUCTION" missed="5" covered="0"/><counter type="LINE" missed="1" covered="0"/><counter type="COMPLEXITY" missed="1" covered="0"/><counter type="METHOD" missed="1" covered="0"/></method><method name="&lt;clinit&gt;" desc="()V" line="142"><counter type="INSTRUCTION" missed="54" covered="0"/><counter type="LINE" missed="6" covered="0"/><counter type="COMPLEXITY" missed="1" covered="0"/><counter type="METHOD" missed="1" covered="0"/></method><counter type="INSTRUCTION" missed="68" covered="0"/><counter type="LINE" missed="6" covered="0"/><counter type="COMPLEXITY" missed="4" covered="0"/><counter type="METHOD" missed="4" covered="0"/><counter type="CLASS" missed="1" covered="0"/></class><class name="didroe/tnc/TncImpl$tnc_message"><method name="values" desc="()[Ldidroe/tnc/TncImpl$tnc_message;" line="21"><counter type="INSTRUCTION" missed="4" covered="0"/><counter type="LINE" missed="1" covered="0"/><counter type="COMPLEXITY" missed="1" covered="0"/><counter type="METHOD" missed="1" covered="0"/></method><method name="valueOf" desc="(Ljava/lang/String;)Ldidroe/tnc/TncImpl$tnc_message;" line="21"><counter type="INSTRUCTION" missed="5" covered="0"/><counter type="LINE" missed="1" covered="0"/><counter type="COMPLEXITY" missed="1" covered="0"/><counter type="METHOD" missed="1" covered="0"/></method><method name="&lt;init&gt;" desc="(Ljava/lang/String;I)V" line="21"><counter type="INSTRUCTION" missed="5" covered="0"/><counter type="LINE" missed="1" covered="0"/><counter type="COMPLEXITY" missed="1" covered="0"/><counter type="METHOD" missed="1" covered="0"/></method><method name="allMessages" desc="()Ljava/util/EnumSet;" line="44"><counter type="INSTRUCTION" missed="7" covered="0"/><counter type="LINE" missed="2" covered="0"/><counter type="COMPLEXITY" missed="1" covered="0"/><counter type="METHOD" missed="1" covered="0"/></method><method name="&lt;clinit&gt;" desc="()V" line="21"><counter type="INSTRUCTION" missed="44" covered="0"/><counter type="LINE" missed="5" covered="0"/><counter type="COMPLEXITY" missed="1" covered="0"/><counter type="METHOD" missed="1" covered="0"/></method><counter type="INSTRUCTION" missed="65" covered="0"/><counter type="LINE" missed="7" covered="0"/><counter type="COMPLEXITY" missed="5" covered="0"/><counter type="METHOD" missed="5" covered="0"/><counter type="CLASS" missed="1" covered="0"/></class><class name="didroe/tnc/TncTest"><method name="&lt;init&gt;" desc="()V" line="12"><counter type="INSTRUCTION" missed="3" covered="0"/><counter type="LINE" missed="1" covered="0"/><counter type="COMPLEXITY" missed="1" covered="0"/><counter type="METHOD" missed="1" covered="0"/></method><method name="main" desc="([Ljava/lang/String;)V" line="15"><counter type="INSTRUCTION" missed="1" covered="0"/><counter type="LINE" missed="1" covered="0"/><counter type="COMPLEXITY" missed="1" covered="0"/><counter type="METHOD" missed="1" covered="0"/></method><counter type="INSTRUCTION" missed="4" covered="0"/><counter type="LINE" missed="2" covered="0"/><counter type="COMPLEXITY" missed="2" covered="0"/><counter type="METHOD" missed="2" covered="0"/><counter type="CLASS" missed="1" covered="0"/></class><class name="didroe/tnc/TncImpl$tnc_directionRef"><method name="&lt;init&gt;" desc="(Ldidroe/tnc/TncImpl;)V" line="965"><counter type="INSTRUCTION" missed="6" covered="0"/><counter type="LINE" missed="1" covered="0"/><counter type="COMPLEXITY" missed="1" covered="0"/><counter type="METHOD" missed="1" covered="0"/></method><counter type="INSTRUCTION" missed="6" covered="0"/><counter type="LINE" missed="1" covered="0"/><counter type="COMPLEXITY" missed="1" covered="0"/><counter type="METHOD" missed="1" covered="0"/><counter type="CLASS" missed="1" covered="0"/></class><class name="didroe/tnc/TncResult"><method name="&lt;init&gt;" desc="([DD[DII)V" line="20"><counter type="INSTRUCTION" missed="18" covered="0"/><counter type="LINE" missed="7" covered="0"/><counter type="COMPLEXITY" missed="1" covered="0"/><counter type="METHOD" missed="1" covered="0"/></method><method name="parameters" desc="()[D" line="29"><counter type="INSTRUCTION" missed="3" covered="0"/><counter type="LINE" missed="1" covered="0"/><counter type="COMPLEXITY" missed="1" covered="0"/><counter type="METHOD" missed="1" covered="0"/></method><method name="value" desc="()D" line="33"><counter type="INSTRUCTION" missed="3" covered="0"/><counter type="LINE" missed="1" covered="0"/><counter type="COMPLEXITY" missed="1" covered="0"/><counter type="METHOD" missed="1" covered="0"/></method><method name="gradient" desc="()[D" line="37"><counter type="INSTRUCTION" missed="3" covered="0"/><counter type="LINE" missed="1" covered="0"/><counter type="COMPLEXITY" missed="1" covered="0"/><counter type="METHOD" missed="1" covered="0"/></method><method name="numFuncEvaluations" desc="()I" line="41"><counter type="INSTRUCTION" missed="3" covered="0"/><counter type="LINE" missed="1" covered="0"/><counter type="COMPLEXITY" missed="1" covered="0"/><counter type="METHOD" missed="1" covered="0"/></method><method name="numIterations" desc="()I" line="45"><counter type="INSTRUCTION" missed="3" covered="0"/><counter type="LINE" missed="1" covered="0"/><counter type="COMPLEXITY" missed="1" covered="0"/><counter type="METHOD" missed="1" covered="0"/></method><counter type="INSTRUCTION" missed="33" covered="0"/><counter type="LINE" missed="12" covered="0"/><counter type="COMPLEXITY" missed="6" covered="0"/><counter type="METHOD" missed="6" covered="0"/><counter type="CLASS" missed="1" covered="0"/></class><class name="didroe/tnc/TncRef"><method name="&lt;init&gt;" desc="()V" line="12"><counter type="INSTRUCTION" missed="3" covered="0"/><counter type="LINE" missed="1" covered="0"/><counter type="COMPLEXITY" missed="1" covered="0"/><counter type="METHOD" missed="1" covered="0"/></method><counter type="INSTRUCTION" missed="3" covered="0"/><counter type="LINE" missed="1" covered="0"/><counter type="COMPLEXITY" missed="1" covered="0"/><counter type="METHOD" missed="1" covered="0"/><counter type="CLASS" missed="1" covered="0"/></class><class name="didroe/tnc/ArrayMath"><method name="clip" desc="([D[D[D)V" line="23"><counter type="INSTRUCTION" missed="0" covered="38"/><counter type="BRANCH" missed="0" covered="6"/><counter type="LINE" missed="0" covered="6"/><counter type="COMPLEXITY" missed="0" covered="4"/><counter type="METHOD" missed="0" covered="1"/></method><method name="dotProduct" desc="([D[D)D" line="37"><counter type="INSTRUCTION" missed="0" covered="22"/><counter type="BRANCH" missed="0" covered="2"/><counter type="LINE" missed="0" covered="4"/><counter type="COMPLEXITY" missed="0" covered="2"/><counter type="METHOD" missed="0" covered="1"/></method><method name="copy" desc="([D[D)V" line="49"><counter type="INSTRUCTION" missed="0" covered="8"/><counter type="LINE" missed="0" covered="2"/><counter type="COMPLEXITY" missed="0" covered="1"/><counter type="METHOD" missed="0" covered="1"/></method><method name="axPlusY" desc="(D[D[D)V" line="57"><counter type="INSTRUCTION" missed="0" covered="20"/><counter type="BRANCH" missed="0" covered="2"/><counter type="LINE" missed="0" covered="3"/><counter type="COMPLEXITY" missed="0" covered="2"/><counter type="METHOD" missed="0" covered="1"/></method><method name="xPlusY" desc="([D[D)V" line="67"><counter type="INSTRUCTION" missed="0" covered="18"/><counter type="BRANCH" missed="0" covered="2"/><counter type="LINE" missed="0" covered="3"/><counter type="COMPLEXITY" missed="0" covered="2"/><counter type="METHOD" missed="0" covered="1"/></method><method name="euclidianNorm" desc="([D)D" line="79"><counter type="INSTRUCTION" missed="0" covered="57"/><counter type="BRANCH" missed="0" covered="6"/><counter type="LINE" missed="0" covered="14"/><counter type="COMPLEXITY" missed="0" covered="4"/><counter type="METHOD" missed="0" covered="1"/></method><method name="negate" desc="([D)V" line="106"><counter type="INSTRUCTION" missed="0" covered="16"/><counter type="BRANCH" missed="0" covered="2"/><counter type="LINE" missed="0" covered="3"/><counter type="COMPLEXITY" missed="0" covered="2"/><counter type="METHOD" missed="0" covered="1"/></method><counter type="INSTRUCTION" missed="0" covered="179"/><counter type="BRANCH" missed="0" covered="20"/><counter type="LINE" missed="0" covered="35"/><counter type="COMPLEXITY" missed="0" covered="17"/><counter type="METHOD" missed="0" covered="7"/><counter type="CLASS" missed="0" covered="1"/></class><class name="didroe/tnc/TncImpl$getptcInitRef"><method name="&lt;init&gt;" desc="(Ldidroe/tnc/TncImpl;)V" line="1491"><counter type="INSTRUCTION" missed="6" covered="0"/><counter type="LINE" missed="1" covered="0"/><counter type="COMPLEXITY" missed="1" covered="0"/><counter type="METHOD" missed="1" covered="0"/></method><counter type="INSTRUCTION" missed="6" covered="0"/><counter type="LINE" missed="1" covered="0"/><counter type="COMPLEXITY" missed="1" covered="0"/><counter type="METHOD" missed="1" covered="0"/><counter type="CLASS" missed="1" covered="0"/></class><class name="didroe/tnc/TncImpl$getptc_rc"><method name="values" desc="()[Ldidroe/tnc/TncImpl$getptc_rc;" line="119"><counter type="INSTRUCTION" missed="4" covered="0"/><counter type="LINE" missed="1" covered="0"/><counter type="COMPLEXITY" missed="1" covered="0"/><counter type="METHOD" missed="1" covered="0"/></method><method name="valueOf" desc="(Ljava/lang/String;)Ldidroe/tnc/TncImpl$getptc_rc;" line="119"><counter type="INSTRUCTION" missed="5" covered="0"/><counter type="LINE" missed="1" covered="0"/><counter type="COMPLEXITY" missed="1" covered="0"/><counter type="METHOD" missed="1" covered="0"/></method><method name="&lt;init&gt;" desc="(Ljava/lang/String;I)V" line="119"><counter type="INSTRUCTION" missed="5" covered="0"/><counter type="LINE" missed="1" covered="0"/><counter type="COMPLEXITY" missed="1" covered="0"/><counter type="METHOD" missed="1" covered="0"/></method><method name="&lt;clinit&gt;" desc="()V" line="119"><counter type="INSTRUCTION" missed="44" covered="0"/><counter type="LINE" missed="5" covered="0"/><counter type="COMPLEXITY" missed="1" covered="0"/><counter type="METHOD" missed="1" covered="0"/></method><counter type="INSTRUCTION" missed="58" covered="0"/><counter type="LINE" missed="5" covered="0"/><counter type="COMPLEXITY" missed="4" covered="0"/><counter type="METHOD" missed="4" covered="0"/><counter type="CLASS" missed="1" covered="0"/></class><class name="didroe/tnc/TncImpl$linearSearchRef"><method name="&lt;init&gt;" desc="(Ldidroe/tnc/TncImpl;)V" line="1308"><counter type="INSTRUCTION" missed="6" covered="0"/><counter type="LINE" missed="1" covered="0"/><counter type="COMPLEXITY" missed="1" covered="0"/><counter type="METHOD" missed="1" covered="0"/></method><counter type="INSTRUCTION" missed="6" covered="0"/><counter type="LINE" missed="1" covered="0"/><counter type="COMPLEXITY" missed="1" covered="0"/><counter type="METHOD" missed="1" covered="0"/><counter type="CLASS" missed="1" covered="0"/></class><class name="didroe/tnc/TncImpl"><method name="&lt;init&gt;" desc="()V" line="16"><counter type="INSTRUCTION" missed="3" covered="0"/><counter type="LINE" missed="2" covered="0"/><counter type="COMPLEXITY" missed="1" covered="0"/><counter type="METHOD" missed="1" covered="0"/></method><method name="tnc" desc="(I[D[DLdidroe/tnc/TncFunction;[D[D[D[DLjava/util/EnumSet;IIDDDDDDDDLdidroe/tnc/TncImpl$TncCallback;Ldidroe/tnc/TncRef;)Ldidroe/tnc/TncImpl$tnc_rc;" line="247"><counter type="INSTRUCTION" missed="377" covered="0"/><counter type="BRANCH" missed="68" covered="0"/><counter type="LINE" missed="85" covered="0"/><counter type="COMPLEXITY" missed="35" covered="0"/><counter type="METHOD" missed="1" covered="0"/></method><method name="unscalex" desc="(I[D[D[D)V" line="403"><counter type="INSTRUCTION" missed="22" covered="0"/><counter type="BRANCH" missed="2" covered="0"/><counter type="LINE" missed="3" covered="0"/><counter type="COMPLEXITY" missed="2" covered="0"/><counter type="METHOD" missed="1" covered="0"/></method><method name="scalex" desc="(I[D[D[D)V" line="412"><counter type="INSTRUCTION" missed="28" covered="0"/><counter type="BRANCH" missed="4" covered="0"/><counter type="LINE" missed="4" covered="0"/><counter type="COMPLEXITY" missed="3" covered="0"/><counter type="METHOD" missed="1" covered="0"/></method><method name="scaleg" desc="(I[D[DD)V" line="423"><counter type="INSTRUCTION" missed="19" covered="0"/><counter type="BRANCH" missed="2" covered="0"/><counter type="LINE" missed="3" covered="0"/><counter type="COMPLEXITY" missed="2" covered="0"/><counter type="METHOD" missed="1" covered="0"/></method><method name="setConstraints" desc="(I[D[I[D[D[D[D)V" line="433"><counter type="INSTRUCTION" missed="99" covered="0"/><counter type="BRANCH" missed="12" covered="0"/><counter type="LINE" missed="11" covered="0"/><counter type="COMPLEXITY" missed="7" covered="0"/><counter type="METHOD" missed="1" covered="0"/></method><method name="tnc_minimize" desc="(I[D[DLdidroe/tnc/TncFunction;[D[D[D[DLjava/util/EnumSet;IIDDDDDDDDLdidroe/tnc/TncImpl$TncCallback;Ldidroe/tnc/TncImpl$tnc_minimizeRef;)Ldidroe/tnc/TncImpl$tnc_rc;" line="483"><counter type="INSTRUCTION" missed="893" covered="0"/><counter type="BRANCH" missed="88" covered="0"/><counter type="LINE" missed="201" covered="0"/><counter type="COMPLEXITY" missed="45" covered="0"/><counter type="METHOD" missed="1" covered="0"/></method><method name="printCurrentIteration" desc="(ID[DII[I)V" line="842"><counter type="INSTRUCTION" missed="50" covered="0"/><counter type="BRANCH" missed="4" covered="0"/><counter type="LINE" missed="6" covered="0"/><counter type="COMPLEXITY" missed="3" covered="0"/><counter type="METHOD" missed="1" covered="0"/></method><method name="project" desc="(I[D[I)V" line="856"><counter type="INSTRUCTION" missed="16" covered="0"/><counter type="BRANCH" missed="4" covered="0"/><counter type="LINE" missed="4" covered="0"/><counter type="COMPLEXITY" missed="3" covered="0"/><counter type="METHOD" missed="1" covered="0"/></method><method name="projectConstants" desc="(I[D[D)V" line="867"><counter type="INSTRUCTION" missed="18" covered="0"/><counter type="BRANCH" missed="4" covered="0"/><counter type="LINE" missed="4" covered="0"/><counter type="COMPLEXITY" missed="3" covered="0"/><counter type="METHOD" missed="1" covered="0"/></method><method name="stepMax" desc="(DI[D[D[I[D[D[D[D)D" line="880"><counter type="INSTRUCTION" missed="86" covered="0"/><counter type="BRANCH" missed="12" covered="0"/><counter type="LINE" missed="11" covered="0"/><counter type="COMPLEXITY" missed="7" covered="0"/><counter type="METHOD" missed="1" covered="0"/></method><method name="addConstraint" desc="(I[D[D[I[D[D[D[D)Z" line="904"><counter type="INSTRUCTION" missed="138" covered="0"/><counter type="BRANCH" missed="16" covered="0"/><counter type="LINE" missed="16" covered="0"/><counter type="COMPLEXITY" missed="9" covered="0"/><counter type="METHOD" missed="1" covered="0"/></method><method name="removeConstraint" desc="(DDDDD[D[II)Z" line="932"><counter type="INSTRUCTION" missed="60" covered="0"/><counter type="BRANCH" missed="12" covered="0"/><counter type="LINE" missed="15" covered="0"/><counter type="COMPLEXITY" missed="7" covered="0"/><counter type="METHOD" missed="1" covered="0"/></method><method name="tnc_direction" desc="([DIIIZDDZLdidroe/tnc/TncFunction;[D[DDDDD[D[DLdidroe/tnc/TncImpl$tnc_directionRef;)Ldidroe/tnc/TncImpl$tnc_rc;" line="990"><counter type="INSTRUCTION" missed="338" covered="0"/><counter type="BRANCH" missed="26" covered="0"/><counter type="LINE" missed="63" covered="0"/><counter type="COMPLEXITY" missed="14" covered="0"/><counter type="METHOD" missed="1" covered="0"/></method><method name="diagonalScaling" desc="(I[D[D[D[D)V" line="1118"><counter type="INSTRUCTION" missed="56" covered="0"/><counter type="BRANCH" missed="4" covered="0"/><counter type="LINE" missed="7" covered="0"/><counter type="COMPLEXITY" missed="3" covered="0"/><counter type="METHOD" missed="1" covered="0"/></method><method name="initialStep" desc="(DDDD)D" line="1133"><counter type="INSTRUCTION" missed="32" covered="0"/><counter type="BRANCH" missed="6" covered="0"/><counter type="LINE" missed="7" covered="0"/><counter type="COMPLEXITY" missed="4" covered="0"/><counter type="METHOD" missed="1" covered="0"/></method><method name="hessianTimesVector" desc="([D[DI[D[DLdidroe/tnc/TncFunction;[D[DDDD[D[D)Ldidroe/tnc/TncImpl$tnc_rc;" line="1152"><counter type="INSTRUCTION" missed="79" covered="0"/><counter type="BRANCH" missed="4" covered="0"/><counter type="LINE" missed="13" covered="0"/><counter type="COMPLEXITY" missed="3" covered="0"/><counter type="METHOD" missed="1" covered="0"/></method><method name="msolve" desc="([D[DI[D[D[D[D[DZDDZ)V" line="1185"><counter type="INSTRUCTION" missed="187" covered="0"/><counter type="BRANCH" missed="10" covered="0"/><counter type="LINE" missed="33" covered="0"/><counter type="COMPLEXITY" missed="6" covered="0"/><counter type="METHOD" missed="1" covered="0"/></method><method name="ssbfgs" desc="(ID[D[D[DDDDD[D)V" line="1234"><counter type="INSTRUCTION" missed="62" covered="0"/><counter type="BRANCH" missed="4" covered="0"/><counter type="LINE" missed="8" covered="0"/><counter type="COMPLEXITY" missed="3" covered="0"/><counter type="METHOD" missed="1" covered="0"/></method><method name="initPreconditioner" desc="([D[DIZDD[D[D[D[DZ)V" line="1254"><counter type="INSTRUCTION" missed="237" covered="0"/><counter type="BRANCH" missed="26" covered="0"/><counter type="LINE" missed="37" covered="0"/><counter type="COMPLEXITY" missed="14" covered="0"/><counter type="METHOD" missed="1" covered="0"/></method><method name="linearSearch" desc="(ILdidroe/tnc/TncFunction;[D[D[D[DD[IDDD[D[D[DILdidroe/tnc/TncImpl$linearSearchRef;)Ldidroe/tnc/TncImpl$ls_rc;" line="1322"><counter type="INSTRUCTION" missed="465" covered="0"/><counter type="BRANCH" missed="16" covered="0"/><counter type="LINE" missed="130" covered="0"/><counter type="COMPLEXITY" missed="9" covered="0"/><counter type="METHOD" missed="1" covered="0"/></method><method name="getptcInit" desc="(DDDDLdidroe/tnc/TncImpl$getptcInitRef;)Ldidroe/tnc/TncImpl$getptc_rc;" line="1528"><counter type="INSTRUCTION" missed="176" covered="0"/><counter type="BRANCH" missed="18" covered="0"/><counter type="LINE" missed="31" covered="0"/><counter type="COMPLEXITY" missed="10" covered="0"/><counter type="METHOD" missed="1" covered="0"/></method><method name="getptcIter" desc="(DDDDDLdidroe/tnc/TncImpl$getptcIterRef;)Ldidroe/tnc/TncImpl$getptc_rc;" line="1616"><counter type="INSTRUCTION" missed="802" covered="0"/><counter type="BRANCH" missed="114" covered="0"/><counter type="LINE" missed="140" covered="0"/><counter type="COMPLEXITY" missed="58" covered="0"/><counter type="METHOD" missed="1" covered="0"/></method><method name="&lt;clinit&gt;" desc="()V" line="166"><counter type="INSTRUCTION" missed="4" covered="0"/><counter type="LINE" missed="1" covered="0"/><counter type="COMPLEXITY" missed="1" covered="0"/><counter type="METHOD" missed="1" covered="0"/></method><counter type="INSTRUCTION" missed="4247" covered="0"/><counter type="BRANCH" missed="456" covered="0"/><counter type="LINE" missed="835" covered="0"/><counter type="COMPLEXITY" missed="252" covered="0"/><counter type="METHOD" missed="24" covered="0"/><counter type="CLASS" missed="1" covered="0"/></class><class name="didroe/tnc/TncImpl$tnc_minimizeRef"><method name="&lt;init&gt;" desc="(Ldidroe/tnc/TncImpl;)V" line="451"><counter type="INSTRUCTION" missed="6" covered="0"/><counter type="LINE" missed="1" covered="0"/><counter type="COMPLEXITY" missed="1" covered="0"/><counter type="METHOD" missed="1" covered="0"/></method><counter type="INSTRUCTION" missed="6" covered="0"/><counter type="LINE" missed="1" covered="0"/><counter type="COMPLEXITY" missed="1" covered="0"/><counter type="METHOD" missed="1" covered="0"/><counter type="CLASS" missed="1" covered="0"/></class><sourcefile name="ArrayMath.java"><line nr="23" mi="0" ci="8" mb="0" cb="2"/><line nr="24" mi="0" ci="8" mb="0" cb="2"/><line nr="25" mi="0" ci="7" mb="0" cb="0"/><line nr="26" mi="0" ci="8" mb="0" cb="2"/><line nr="27" mi="0" ci="6" mb="0" cb="0"/><line nr="30" mi="0" ci="1" mb="0" cb="0"/><line nr="37" mi="0" ci="2" mb="0" cb="0"/><line nr="38" mi="0" ci="8" mb="0" cb="2"/><line nr="39" mi="0" ci="10" mb="0" cb="0"/><line nr="41" mi="0" ci="2" mb="0" cb="0"/><line nr="49" mi="0" ci="7" mb="0" cb="0"/><line nr="50" mi="0" ci="1" mb="0" cb="0"/><line nr="57" mi="0" ci="8" mb="0" cb="2"/><line nr="58" mi="0" ci="11" mb="0" cb="0"/><line nr="60" mi="0" ci="1" mb="0" cb="0"/><line nr="67" mi="0" ci="8" mb="0" cb="2"/><line nr="68" mi="0" ci="9" mb="0" cb="0"/><line nr="70" mi="0" ci="1" mb="0" cb="0"/><line nr="79" mi="0" ci="2" mb="0" cb="0"/><line nr="80" mi="0" ci="2" mb="0" cb="0"/><line nr="82" mi="0" ci="8" mb="0" cb="2"/><line nr="83" mi="0" ci="4" mb="0" cb="0"/><line nr="84" mi="0" ci="4" mb="0" cb="2"/><line nr="85" mi="0" ci="3" mb="0" cb="0"/><line nr="86" mi="0" ci="4" mb="0" cb="2"/><line nr="88" mi="0" ci="4" mb="0" cb="0"/><line nr="89" mi="0" ci="2" mb="0" cb="0"/><line nr="90" mi="0" ci="8" mb="0" cb="0"/><line nr="91" mi="0" ci="1" mb="0" cb="0"/><line nr="93" mi="0" ci="4" mb="0" cb="0"/><line nr="94" mi="0" ci="6" mb="0" cb="0"/><line nr="99" mi="0" ci="5" mb="0" cb="0"/><line nr="106" mi="0" ci="8" mb="0" cb="2"/><line nr="107" mi="0" ci="7" mb="0" cb="0"/><line nr="109" mi="0" ci="1" mb="0" cb="0"/><counter type="INSTRUCTION" missed="0" covered="179"/><counter type="BRANCH" missed="0" covered="20"/><counter type="LINE" missed="0" covered="35"/><counter type="COMPLEXITY" missed="0" covered="17"/><counter type="METHOD" missed="0" covered="7"/><counter type="CLASS" missed="0" covered="1"/></sourcefile><sourcefile name="TncRef.java"><line nr="12" mi="3" ci="0" mb="0" cb="0"/><counter type="INSTRUCTION" missed="3" covered="0"/><counter type="LINE" missed="1" covered="0"/><counter type="COMPLEXITY" missed="1" covered="0"/><counter type="METHOD" missed="1" covered="0"/><counter type="CLASS" missed="1" covered="0"/></sourcefile><sourcefile name="TncImpl.java"><line nr="16" mi="2" ci="0" mb="0" cb="0"/><line nr="21" mi="34" ci="0" mb="0" cb="0"/><line nr="26" mi="6" ci="0" mb="0" cb="0"/><line nr="30" mi="6" ci="0" mb="0" cb="0"/><line nr="34" mi="6" ci="0" mb="0" cb="0"/><line nr="38" mi="6" ci="0" mb="0" cb="0"/><line nr="44" mi="5" ci="0" mb="0" cb="0"/><line nr="46" mi="2" ci="0" mb="0" cb="0"/><line nr="53" mi="53" ci="0" mb="0" cb="0"/><line nr="58" mi="7" ci="0" mb="0" cb="0"/><line nr="62" mi="7" ci="0" mb="0" cb="0"/><line nr="66" mi="7" ci="0" mb="0" cb="0"/><line nr="70" mi="7" ci="0" mb="0" cb="0"/><line nr="74" mi="7" ci="0" mb="0" cb="0"/><line nr="78" mi="7" ci="0" mb="0" cb="0"/><line nr="82" mi="7" ci="0" mb="0" cb="0"/><line nr="86" mi="7" ci="0" mb="0" cb="0"/><line nr="90" mi="7" ci="0" mb="0" cb="0"/><line nr="94" mi="7" ci="0" mb="0" cb="0"/><line nr="99" mi="3" ci="0" mb="0" cb="0"/><line nr="102" mi="4" ci="0" mb="0" cb="0"/><line nr="103" mi="3" ci="0" mb="0" cb="0"/><line nr="104" mi="1" ci="0" mb="0" cb="0"/><line nr="119" mi="34" ci="0" mb="0" cb="0"/><line nr="124" mi="6" ci="0" mb="0" cb="0"/><line nr="128" mi="6" ci="0" mb="0" cb="0"/><line nr="132" mi="6" ci="0" mb="0" cb="0"/><line nr="136" mi="6" ci="0" mb="0" cb="0"/><line nr="142" mi="38" ci="0" mb="0" cb="0"/><line nr="147" mi="6" ci="0" mb="0" cb="0"/><line nr="151" mi="6" ci="0" mb="0" cb="0"/><line nr="155" mi="6" ci="0" mb="0" cb="0"/><line nr="159" mi="6" ci="0" mb="0" cb="0"/><line nr="163" mi="6" ci="0" mb="0" cb="0"/><line nr="166" mi="4" ci="0" mb="0" cb="0"/><line nr="247" mi="3" ci="0" mb="0" cb="0"/><line nr="253" mi="2" ci="0" mb="2" cb="0"/><line nr="254" mi="2" ci="0" mb="0" cb="0"/><line nr="255" mi="1" ci="0" mb="0" cb="0"/><line nr="258" mi="2" ci="0" mb="2" cb="0"/><line nr="259" mi="2" ci="0" mb="0" cb="0"/><line nr="260" mi="1" ci="0" mb="0" cb="0"/><line nr="264" mi="2" ci="0" mb="2" cb="0"/><line nr="265" mi="3" ci="0" mb="0" cb="0"/><line nr="266" mi="7" ci="0" mb="2" cb="0"/><line nr="267" mi="4" ci="0" mb="0" cb="0"/><line nr="271" mi="2" ci="0" mb="2" cb="0"/><line nr="272" mi="3" ci="0" mb="0" cb="0"/><line nr="273" mi="7" ci="0" mb="2" cb="0"/><line nr="274" mi="4" ci="0" mb="0" cb="0"/><line nr="279" mi="7" ci="0" mb="2" cb="0"/><line nr="280" mi="8" ci="0" mb="2" cb="0"/><line nr="281" mi="2" ci="0" mb="0" cb="0"/><line nr="282" mi="1" ci="0" mb="0" cb="0"/><line nr="287" mi="4" ci="0" mb="0" cb="0"/><line nr="289" mi="3" ci="0" mb="2" cb="0"/><line nr="290" mi="2" ci="0" mb="0" cb="0"/><line nr="291" mi="1" ci="0" mb="0" cb="0"/><line nr="295" mi="2" ci="0" mb="2" cb="0"/><line nr="296" mi="3" ci="0" mb="0" cb="0"/><line nr="300" mi="6" ci="0" mb="0" cb="0"/><line nr="301" mi="6" ci="0" mb="0" cb="0"/><line nr="304" mi="2" ci="0" mb="0" cb="0"/><line nr="305" mi="7" ci="0" mb="2" cb="0"/><line nr="306" mi="16" ci="0" mb="6" cb="0"/><line nr="307" mi="1" ci="0" mb="0" cb="0"/><line nr="311" mi="3" ci="0" mb="2" cb="0"/><line nr="312" mi="2" ci="0" mb="0" cb="0"/><line nr="313" mi="1" ci="0" mb="0" cb="0"/><line nr="317" mi="3" ci="0" mb="0" cb="0"/><line nr="318" mi="3" ci="0" mb="0" cb="0"/><line nr="319" mi="2" ci="0" mb="0" cb="0"/><line nr="321" mi="7" ci="0" mb="2" cb="0"/><line nr="322" mi="2" ci="0" mb="2" cb="0"/><line nr="323" mi="7" ci="0" mb="0" cb="0"/><line nr="324" mi="6" ci="0" mb="2" cb="0"/><line nr="325" mi="15" ci="0" mb="0" cb="0"/><line nr="327" mi="12" ci="0" mb="4" cb="0"/><line nr="328" mi="10" ci="0" mb="0" cb="0"/><line nr="329" mi="13" ci="0" mb="0" cb="0"/><line nr="331" mi="9" ci="0" mb="0" cb="0"/><line nr="332" mi="6" ci="0" mb="0" cb="0"/><line nr="334" mi="2" ci="0" mb="2" cb="0"/><line nr="335" mi="6" ci="0" mb="0" cb="0"/><line nr="340" mi="3" ci="0" mb="0" cb="0"/><line nr="342" mi="6" ci="0" mb="2" cb="0"/><line nr="343" mi="2" ci="0" mb="0" cb="0"/><line nr="345" mi="8" ci="0" mb="4" cb="0"/><line nr="346" mi="2" ci="0" mb="0" cb="0"/><line nr="348" mi="4" ci="0" mb="2" cb="0"/><line nr="349" mi="2" ci="0" mb="0" cb="0"/><line nr="351" mi="2" ci="0" mb="2" cb="0"/><line nr="353" mi="4" ci="0" mb="0" cb="0"/><line nr="354" mi="3" ci="0" mb="2" cb="0"/><line nr="355" mi="3" ci="0" mb="0" cb="0"/><line nr="356" mi="3" ci="0" mb="2" cb="0"/><line nr="357" mi="2" ci="0" mb="0" cb="0"/><line nr="360" mi="3" ci="0" mb="2" cb="0"/><line nr="361" mi="2" ci="0" mb="0" cb="0"/><line nr="363" mi="4" ci="0" mb="2" cb="0"/><line nr="364" mi="2" ci="0" mb="0" cb="0"/><line nr="366" mi="4" ci="0" mb="2" cb="0"/><line nr="367" mi="2" ci="0" mb="0" cb="0"/><line nr="369" mi="4" ci="0" mb="2" cb="0"/><line nr="370" mi="5" ci="0" mb="0" cb="0"/><line nr="372" mi="4" ci="0" mb="2" cb="0"/><line nr="373" mi="2" ci="0" mb="0" cb="0"/><line nr="377" mi="5" ci="0" mb="0" cb="0"/><line nr="378" mi="4" ci="0" mb="0" cb="0"/><line nr="379" mi="3" ci="0" mb="0" cb="0"/><line nr="380" mi="4" ci="0" mb="0" cb="0"/><line nr="381" mi="4" ci="0" mb="0" cb="0"/><line nr="382" mi="24" ci="0" mb="0" cb="0"/><line nr="386" mi="4" ci="0" mb="0" cb="0"/><line nr="387" mi="3" ci="0" mb="0" cb="0"/><line nr="388" mi="4" ci="0" mb="0" cb="0"/><line nr="389" mi="4" ci="0" mb="0" cb="0"/><line nr="391" mi="4" ci="0" mb="2" cb="0"/><line nr="392" mi="11" ci="0" mb="0" cb="0"/><line nr="395" mi="2" ci="0" mb="0" cb="0"/><line nr="403" mi="7" ci="0" mb="2" cb="0"/><line nr="404" mi="14" ci="0" mb="0" cb="0"/><line nr="406" mi="1" ci="0" mb="0" cb="0"/><line nr="412" mi="7" ci="0" mb="2" cb="0"/><line nr="413" mi="6" ci="0" mb="2" cb="0"/><line nr="414" mi="14" ci="0" mb="0" cb="0"/><line nr="417" mi="1" ci="0" mb="0" cb="0"/><line nr="423" mi="7" ci="0" mb="2" cb="0"/><line nr="424" mi="11" ci="0" mb="0" cb="0"/><line nr="426" mi="1" ci="0" mb="0" cb="0"/><line nr="433" mi="7" ci="0" mb="2" cb="0"/><line nr="435" mi="6" ci="0" mb="2" cb="0"/><line nr="436" mi="5" ci="0" mb="0" cb="0"/><line nr="437" mi="27" ci="0" mb="2" cb="0"/><line nr="439" mi="6" ci="0" mb="2" cb="0"/><line nr="440" mi="5" ci="0" mb="0" cb="0"/><line nr="441" mi="27" ci="0" mb="2" cb="0"/><line nr="443" mi="6" ci="0" mb="2" cb="0"/><line nr="444" mi="5" ci="0" mb="0" cb="0"/><line nr="446" mi="4" ci="0" mb="0" cb="0"/><line nr="449" mi="1" ci="0" mb="0" cb="0"/><line nr="451" mi="6" ci="0" mb="0" cb="0"/><line nr="483" mi="2" ci="0" mb="0" cb="0"/><line nr="488" mi="3" ci="0" mb="0" cb="0"/><line nr="491" mi="3" ci="0" mb="0" cb="0"/><line nr="492" mi="3" ci="0" mb="0" cb="0"/><line nr="493" mi="3" ci="0" mb="0" cb="0"/><line nr="494" mi="3" ci="0" mb="0" cb="0"/><line nr="495" mi="3" ci="0" mb="0" cb="0"/><line nr="496" mi="3" ci="0" mb="0" cb="0"/><line nr="497" mi="3" ci="0" mb="0" cb="0"/><line nr="498" mi="3" ci="0" mb="0" cb="0"/><line nr="499" mi="3" ci="0" mb="0" cb="0"/><line nr="500" mi="3" ci="0" mb="0" cb="0"/><line nr="503" mi="2" ci="0" mb="0" cb="0"/><line nr="504" mi="2" ci="0" mb="0" cb="0"/><line nr="505" mi="2" ci="0" mb="0" cb="0"/><line nr="506" mi="4" ci="0" mb="0" cb="0"/><line nr="507" mi="2" ci="0" mb="0" cb="0"/><line nr="510" mi="2" ci="0" mb="0" cb="0"/><line nr="511" mi="2" ci="0" mb="0" cb="0"/><line nr="512" mi="2" ci="0" mb="0" cb="0"/><line nr="515" mi="6" ci="0" mb="0" cb="0"/><line nr="516" mi="7" ci="0" mb="0" cb="0"/><line nr="519" mi="9" ci="0" mb="0" cb="0"/><line nr="521" mi="3" ci="0" mb="0" cb="0"/><line nr="522" mi="7" ci="0" mb="0" cb="0"/><line nr="525" mi="7" ci="0" mb="2" cb="0"/><line nr="526" mi="12" ci="0" mb="2" cb="0"/><line nr="527" mi="4" ci="0" mb="0" cb="0"/><line nr="531" mi="5" ci="0" mb="0" cb="0"/><line nr="534" mi="3" ci="0" mb="0" cb="0"/><line nr="536" mi="3" ci="0" mb="0" cb="0"/><line nr="538" mi="3" ci="0" mb="0" cb="0"/><line nr="540" mi="4" ci="0" mb="2" cb="0"/><line nr="541" mi="6" ci="0" mb="0" cb="0"/><line nr="542" mi="14" ci="0" mb="0" cb="0"/><line nr="547" mi="7" ci="0" mb="2" cb="0"/><line nr="548" mi="4" ci="0" mb="0" cb="0"/><line nr="555" mi="8" ci="0" mb="2" cb="0"/><line nr="557" mi="3" ci="0" mb="0" cb="0"/><line nr="558" mi="5" ci="0" mb="0" cb="0"/><line nr="559" mi="4" ci="0" mb="2" cb="0"/><line nr="560" mi="9" ci="0" mb="0" cb="0"/><line nr="561" mi="6" ci="0" mb="0" cb="0"/><line nr="563" mi="2" ci="0" mb="0" cb="0"/><line nr="564" mi="1" ci="0" mb="0" cb="0"/><line nr="568" mi="4" ci="0" mb="2" cb="0"/><line nr="569" mi="2" ci="0" mb="0" cb="0"/><line nr="570" mi="1" ci="0" mb="0" cb="0"/><line nr="574" mi="3" ci="0" mb="0" cb="0"/><line nr="575" mi="10" ci="0" mb="4" cb="0"/><line nr="576" mi="4" ci="0" mb="0" cb="0"/><line nr="578" mi="6" ci="0" mb="0" cb="0"/><line nr="579" mi="6" ci="0" mb="0" cb="0"/><line nr="580" mi="4" ci="0" mb="0" cb="0"/><line nr="581" mi="4" ci="0" mb="0" cb="0"/><line nr="582" mi="4" ci="0" mb="0" cb="0"/><line nr="583" mi="4" ci="0" mb="0" cb="0"/><line nr="585" mi="7" ci="0" mb="2" cb="0"/><line nr="586" mi="7" ci="0" mb="0" cb="0"/><line nr="588" mi="7" ci="0" mb="2" cb="0"/><line nr="589" mi="4" ci="0" mb="0" cb="0"/><line nr="592" mi="2" ci="0" mb="0" cb="0"/><line nr="593" mi="4" ci="0" mb="0" cb="0"/><line nr="594" mi="2" ci="0" mb="0" cb="0"/><line nr="596" mi="4" ci="0" mb="2" cb="0"/><line nr="597" mi="12" ci="0" mb="0" cb="0"/><line nr="601" mi="3" ci="0" mb="0" cb="0"/><line nr="602" mi="5" ci="0" mb="0" cb="0"/><line nr="603" mi="3" ci="0" mb="0" cb="0"/><line nr="604" mi="3" ci="0" mb="0" cb="0"/><line nr="607" mi="5" ci="0" mb="0" cb="0"/><line nr="608" mi="3" ci="0" mb="0" cb="0"/><line nr="609" mi="4" ci="0" mb="0" cb="0"/><line nr="610" mi="3" ci="0" mb="0" cb="0"/><line nr="611" mi="3" ci="0" mb="0" cb="0"/><line nr="612" mi="3" ci="0" mb="0" cb="0"/><line nr="613" mi="3" ci="0" mb="0" cb="0"/><line nr="614" mi="3" ci="0" mb="0" cb="0"/><line nr="615" mi="3" ci="0" mb="0" cb="0"/><line nr="616" mi="3" ci="0" mb="0" cb="0"/><line nr="617" mi="22" ci="0" mb="0" cb="0"/><line nr="620" mi="3" ci="0" mb="0" cb="0"/><line nr="621" mi="4" ci="0" mb="0" cb="0"/><line nr="622" mi="3" ci="0" mb="0" cb="0"/><line nr="623" mi="3" ci="0" mb="0" cb="0"/><line nr="624" mi="3" ci="0" mb="0" cb="0"/><line nr="625" mi="3" ci="0" mb="0" cb="0"/><line nr="626" mi="3" ci="0" mb="0" cb="0"/><line nr="627" mi="3" ci="0" mb="0" cb="0"/><line nr="628" mi="3" ci="0" mb="0" cb="0"/><line nr="631" mi="3" ci="0" mb="2" cb="0"/><line nr="632" mi="2" ci="0" mb="0" cb="0"/><line nr="633" mi="1" ci="0" mb="0" cb="0"/><line nr="636" mi="2" ci="0" mb="2" cb="0"/><line nr="637" mi="2" ci="0" mb="2" cb="0"/><line nr="640" mi="3" ci="0" mb="0" cb="0"/><line nr="641" mi="3" ci="0" mb="0" cb="0"/><line nr="642" mi="2" ci="0" mb="0" cb="0"/><line nr="645" mi="3" ci="0" mb="0" cb="0"/><line nr="646" mi="3" ci="0" mb="0" cb="0"/><line nr="647" mi="3" ci="0" mb="0" cb="0"/><line nr="648" mi="2" ci="0" mb="0" cb="0"/><line nr="652" mi="3" ci="0" mb="0" cb="0"/><line nr="653" mi="3" ci="0" mb="0" cb="0"/><line nr="654" mi="4" ci="0" mb="0" cb="0"/><line nr="657" mi="7" ci="0" mb="0" cb="0"/><line nr="660" mi="12" ci="0" mb="0" cb="0"/><line nr="662" mi="4" ci="0" mb="2" cb="0"/><line nr="664" mi="11" ci="0" mb="0" cb="0"/><line nr="667" mi="5" ci="0" mb="0" cb="0"/><line nr="668" mi="3" ci="0" mb="0" cb="0"/><line nr="669" mi="4" ci="0" mb="0" cb="0"/><line nr="670" mi="4" ci="0" mb="0" cb="0"/><line nr="671" mi="20" ci="0" mb="0" cb="0"/><line nr="675" mi="3" ci="0" mb="0" cb="0"/><line nr="676" mi="4" ci="0" mb="0" cb="0"/><line nr="677" mi="4" ci="0" mb="0" cb="0"/><line nr="679" mi="3" ci="0" mb="2" cb="0"/><line nr="680" mi="2" ci="0" mb="0" cb="0"/><line nr="681" mi="1" ci="0" mb="0" cb="0"/><line nr="684" mi="3" ci="0" mb="2" cb="0"/><line nr="685" mi="2" ci="0" mb="0" cb="0"/><line nr="686" mi="1" ci="0" mb="0" cb="0"/><line nr="690" mi="6" ci="0" mb="2" cb="0"/><line nr="691" mi="4" ci="0" mb="0" cb="0"/><line nr="692" mi="4" ci="0" mb="2" cb="0"/><line nr="693" mi="11" ci="0" mb="0" cb="0"/><line nr="699" mi="9" ci="0" mb="2" cb="0"/><line nr="700" mi="3" ci="0" mb="0" cb="0"/><line nr="703" mi="3" ci="0" mb="2" cb="0"/><line nr="704" mi="3" ci="0" mb="2" cb="0"/><line nr="705" mi="3" ci="0" mb="0" cb="0"/><line nr="707" mi="2" ci="0" mb="0" cb="0"/><line nr="709" mi="1" ci="0" mb="0" cb="0"/><line nr="711" mi="2" ci="0" mb="0" cb="0"/><line nr="713" mi="1" ci="0" mb="0" cb="0"/><line nr="715" mi="2" ci="0" mb="0" cb="0"/><line nr="718" mi="2" ci="0" mb="2" cb="0"/><line nr="719" mi="11" ci="0" mb="2" cb="0"/><line nr="720" mi="4" ci="0" mb="2" cb="0"/><line nr="721" mi="2" ci="0" mb="0" cb="0"/><line nr="722" mi="1" ci="0" mb="0" cb="0"/><line nr="725" mi="3" ci="0" mb="0" cb="0"/><line nr="728" mi="6" ci="0" mb="0" cb="0"/><line nr="731" mi="2" ci="0" mb="2" cb="0"/><line nr="732" mi="6" ci="0" mb="0" cb="0"/><line nr="733" mi="3" ci="0" mb="0" cb="0"/><line nr="734" mi="6" ci="0" mb="0" cb="0"/><line nr="738" mi="2" ci="0" mb="0" cb="0"/><line nr="739" mi="5" ci="0" mb="0" cb="0"/><line nr="743" mi="3" ci="0" mb="2" cb="0"/><line nr="744" mi="6" ci="0" mb="2" cb="0"/><line nr="745" mi="4" ci="0" mb="0" cb="0"/><line nr="747" mi="6" ci="0" mb="2" cb="0"/><line nr="748" mi="4" ci="0" mb="0" cb="0"/><line nr="752" mi="3" ci="0" mb="0" cb="0"/><line nr="753" mi="7" ci="0" mb="0" cb="0"/><line nr="755" mi="3" ci="0" mb="0" cb="0"/><line nr="756" mi="5" ci="0" mb="0" cb="0"/><line nr="757" mi="3" ci="0" mb="0" cb="0"/><line nr="760" mi="15" ci="0" mb="0" cb="0"/><line nr="764" mi="2" ci="0" mb="2" cb="0"/><line nr="766" mi="3" ci="0" mb="0" cb="0"/><line nr="767" mi="5" ci="0" mb="0" cb="0"/><line nr="768" mi="3" ci="0" mb="0" cb="0"/><line nr="769" mi="3" ci="0" mb="0" cb="0"/><line nr="772" mi="4" ci="0" mb="4" cb="0"/><line nr="774" mi="8" ci="0" mb="2" cb="0"/><line nr="775" mi="4" ci="0" mb="2" cb="0"/><line nr="776" mi="9" ci="0" mb="0" cb="0"/><line nr="777" mi="6" ci="0" mb="0" cb="0"/><line nr="779" mi="2" ci="0" mb="0" cb="0"/><line nr="780" mi="1" ci="0" mb="0" cb="0"/><line nr="782" mi="7" ci="0" mb="2" cb="0"/><line nr="783" mi="4" ci="0" mb="2" cb="0"/><line nr="784" mi="10" ci="0" mb="0" cb="0"/><line nr="785" mi="4" ci="0" mb="0" cb="0"/><line nr="787" mi="2" ci="0" mb="0" cb="0"/><line nr="788" mi="1" ci="0" mb="0" cb="0"/><line nr="792" mi="5" ci="0" mb="0" cb="0"/><line nr="794" mi="4" ci="0" mb="2" cb="0"/><line nr="795" mi="14" ci="0" mb="0" cb="0"/><line nr="801" mi="2" ci="0" mb="2" cb="0"/><line nr="802" mi="7" ci="0" mb="2" cb="0"/><line nr="803" mi="10" ci="0" mb="0" cb="0"/><line nr="804" mi="8" ci="0" mb="0" cb="0"/><line nr="808" mi="4" ci="0" mb="0" cb="0"/><line nr="810" mi="14" ci="0" mb="4" cb="0"/><line nr="811" mi="3" ci="0" mb="0" cb="0"/><line nr="813" mi="4" ci="0" mb="0" cb="0"/><line nr="814" mi="4" ci="0" mb="2" cb="0"/><line nr="815" mi="3" ci="0" mb="0" cb="0"/><line nr="817" mi="2" ci="0" mb="0" cb="0"/><line nr="820" mi="2" ci="0" mb="0" cb="0"/><line nr="822" mi="1" ci="0" mb="0" cb="0"/><line nr="824" mi="4" ci="0" mb="2" cb="0"/><line nr="825" mi="14" ci="0" mb="0" cb="0"/><line nr="830" mi="6" ci="0" mb="0" cb="0"/><line nr="831" mi="4" ci="0" mb="0" cb="0"/><line nr="832" mi="7" ci="0" mb="0" cb="0"/><line nr="834" mi="2" ci="0" mb="0" cb="0"/><line nr="842" mi="2" ci="0" mb="0" cb="0"/><line nr="843" mi="7" ci="0" mb="2" cb="0"/><line nr="844" mi="4" ci="0" mb="2" cb="0"/><line nr="845" mi="10" ci="0" mb="0" cb="0"/><line nr="849" mi="26" ci="0" mb="0" cb="0"/><line nr="850" mi="1" ci="0" mb="0" cb="0"/><line nr="856" mi="7" ci="0" mb="2" cb="0"/><line nr="857" mi="4" ci="0" mb="2" cb="0"/><line nr="858" mi="4" ci="0" mb="0" cb="0"/><line nr="861" mi="1" ci="0" mb="0" cb="0"/><line nr="867" mi="7" ci="0" mb="2" cb="0"/><line nr="868" mi="6" ci="0" mb="2" cb="0"/><line nr="869" mi="4" ci="0" mb="0" cb="0"/><line nr="872" mi="1" ci="0" mb="0" cb="0"/><line nr="880" mi="7" ci="0" mb="2" cb="0"/><line nr="881" mi="10" ci="0" mb="4" cb="0"/><line nr="882" mi="6" ci="0" mb="2" cb="0"/><line nr="883" mi="16" ci="0" mb="0" cb="0"/><line nr="884" mi="8" ci="0" mb="2" cb="0"/><line nr="885" mi="6" ci="0" mb="0" cb="0"/><line nr="887" mi="1" ci="0" mb="0" cb="0"/><line nr="888" mi="16" ci="0" mb="0" cb="0"/><line nr="889" mi="8" ci="0" mb="2" cb="0"/><line nr="890" mi="6" ci="0" mb="0" cb="0"/><line nr="896" mi="2" ci="0" mb="0" cb="0"/><line nr="904" mi="2" ci="0" mb="0" cb="0"/><line nr="905" mi="7" ci="0" mb="2" cb="0"/><line nr="906" mi="10" ci="0" mb="4" cb="0"/><line nr="907" mi="12" ci="0" mb="4" cb="0"/><line nr="908" mi="11" ci="0" mb="0" cb="0"/><line nr="909" mi="18" ci="0" mb="2" cb="0"/><line nr="910" mi="4" ci="0" mb="0" cb="0"/><line nr="911" mi="14" ci="0" mb="0" cb="0"/><line nr="912" mi="2" ci="0" mb="0" cb="0"/><line nr="914" mi="7" ci="0" mb="2" cb="0"/><line nr="915" mi="11" ci="0" mb="0" cb="0"/><line nr="916" mi="18" ci="0" mb="2" cb="0"/><line nr="917" mi="4" ci="0" mb="0" cb="0"/><line nr="918" mi="14" ci="0" mb="0" cb="0"/><line nr="919" mi="2" ci="0" mb="0" cb="0"/><line nr="924" mi="2" ci="0" mb="0" cb="0"/><line nr="932" mi="12" ci="0" mb="4" cb="0"/><line nr="933" mi="2" ci="0" mb="0" cb="0"/><line nr="936" mi="2" ci="0" mb="0" cb="0"/><line nr="937" mi="2" ci="0" mb="0" cb="0"/><line nr="939" mi="7" ci="0" mb="2" cb="0"/><line nr="940" mi="5" ci="0" mb="2" cb="0"/><line nr="941" mi="1" ci="0" mb="0" cb="0"/><line nr="943" mi="10" ci="0" mb="0" cb="0"/><line nr="944" mi="4" ci="0" mb="2" cb="0"/><line nr="945" mi="2" ci="0" mb="0" cb="0"/><line nr="946" mi="2" ci="0" mb="0" cb="0"/><line nr="950" mi="3" ci="0" mb="2" cb="0"/><line nr="951" mi="4" ci="0" mb="0" cb="0"/><line nr="952" mi="2" ci="0" mb="0" cb="0"/><line nr="954" mi="2" ci="0" mb="0" cb="0"/><line nr="965" mi="6" ci="0" mb="0" cb="0"/><line nr="990" mi="2" ci="0" mb="2" cb="0"/><line nr="991" mi="4" ci="0" mb="0" cb="0"/><line nr="992" mi="3" ci="0" mb="0" cb="0"/><line nr="993" mi="7" ci="0" mb="0" cb="0"/><line nr="995" mi="2" ci="0" mb="0" cb="0"/><line nr="999" mi="2" ci="0" mb="0" cb="0"/><line nr="1000" mi="2" ci="0" mb="0" cb="0"/><line nr="1001" mi="2" ci="0" mb="0" cb="0"/><line nr="1002" mi="2" ci="0" mb="0" cb="0"/><line nr="1004" mi="3" ci="0" mb="0" cb="0"/><line nr="1006" mi="3" ci="0" mb="0" cb="0"/><line nr="1007" mi="3" ci="0" mb="0" cb="0"/><line nr="1008" mi="3" ci="0" mb="0" cb="0"/><line nr="1010" mi="3" ci="0" mb="0" cb="0"/><line nr="1013" mi="18" ci="0" mb="0" cb="0"/><line nr="1016" mi="7" ci="0" mb="2" cb="0"/><line nr="1017" mi="7" ci="0" mb="0" cb="0"/><line nr="1018" mi="4" ci="0" mb="0" cb="0"/><line nr="1019" mi="5" ci="0" mb="0" cb="0"/><line nr="1024" mi="7" ci="0" mb="2" cb="0"/><line nr="1026" mi="6" ci="0" mb="0" cb="0"/><line nr="1027" mi="19" ci="0" mb="0" cb="0"/><line nr="1029" mi="6" ci="0" mb="0" cb="0"/><line nr="1030" mi="4" ci="0" mb="0" cb="0"/><line nr="1032" mi="12" ci="0" mb="4" cb="0"/><line nr="1035" mi="2" ci="0" mb="2" cb="0"/><line nr="1036" mi="4" ci="0" mb="0" cb="0"/><line nr="1037" mi="3" ci="0" mb="0" cb="0"/><line nr="1038" mi="8" ci="0" mb="0" cb="0"/><line nr="1043" mi="2" ci="0" mb="2" cb="0"/><line nr="1044" mi="3" ci="0" mb="0" cb="0"/><line nr="1046" mi="4" ci="0" mb="0" cb="0"/><line nr="1049" mi="7" ci="0" mb="2" cb="0"/><line nr="1050" mi="12" ci="0" mb="0" cb="0"/><line nr="1053" mi="6" ci="0" mb="0" cb="0"/><line nr="1054" mi="17" ci="0" mb="0" cb="0"/><line nr="1057" mi="6" ci="0" mb="0" cb="0"/><line nr="1059" mi="3" ci="0" mb="2" cb="0"/><line nr="1060" mi="2" ci="0" mb="0" cb="0"/><line nr="1062" mi="6" ci="0" mb="0" cb="0"/><line nr="1064" mi="4" ci="0" mb="0" cb="0"/><line nr="1065" mi="6" ci="0" mb="2" cb="0"/><line nr="1067" mi="2" ci="0" mb="2" cb="0"/><line nr="1068" mi="20" ci="0" mb="0" cb="0"/><line nr="1070" mi="3" ci="0" mb="0" cb="0"/><line nr="1071" mi="8" ci="0" mb="0" cb="0"/><line nr="1075" mi="7" ci="0" mb="0" cb="0"/><line nr="1078" mi="4" ci="0" mb="0" cb="0"/><line nr="1081" mi="5" ci="0" mb="0" cb="0"/><line nr="1082" mi="5" ci="0" mb="0" cb="0"/><line nr="1085" mi="5" ci="0" mb="0" cb="0"/><line nr="1086" mi="5" ci="0" mb="0" cb="0"/><line nr="1087" mi="6" ci="0" mb="0" cb="0"/><line nr="1088" mi="11" ci="0" mb="0" cb="0"/><line nr="1089" mi="4" ci="0" mb="2" cb="0"/><line nr="1090" mi="1" ci="0" mb="0" cb="0"/><line nr="1094" mi="4" ci="0" mb="2" cb="0"/><line nr="1096" mi="6" ci="0" mb="0" cb="0"/><line nr="1097" mi="1" ci="0" mb="0" cb="0"/><line nr="1100" mi="2" ci="0" mb="0" cb="0"/><line nr="1101" mi="2" ci="0" mb="0" cb="0"/><line nr="1106" mi="4" ci="0" mb="0" cb="0"/><line nr="1109" mi="2" ci="0" mb="0" cb="0"/><line nr="1118" mi="6" ci="0" mb="0" cb="0"/><line nr="1119" mi="6" ci="0" mb="0" cb="0"/><line nr="1120" mi="7" ci="0" mb="2" cb="0"/><line nr="1121" mi="26" ci="0" mb="0" cb="0"/><line nr="1122" mi="6" ci="0" mb="2" cb="0"/><line nr="1123" mi="4" ci="0" mb="0" cb="0"/><line nr="1126" mi="1" ci="0" mb="0" cb="0"/><line nr="1133" mi="5" ci="0" mb="0" cb="0"/><line nr="1134" mi="2" ci="0" mb="0" cb="0"/><line nr="1135" mi="11" ci="0" mb="4" cb="0"/><line nr="1136" mi="6" ci="0" mb="0" cb="0"/><line nr="1138" mi="4" ci="0" mb="2" cb="0"/><line nr="1139" mi="2" ci="0" mb="0" cb="0"/><line nr="1142" mi="2" ci="0" mb="0" cb="0"/><line nr="1152" mi="3" ci="0" mb="0" cb="0"/><line nr="1154" mi="6" ci="0" mb="0" cb="0"/><line nr="1155" mi="7" ci="0" mb="2" cb="0"/><line nr="1156" mi="12" ci="0" mb="0" cb="0"/><line nr="1159" mi="6" ci="0" mb="0" cb="0"/><line nr="1160" mi="4" ci="0" mb="0" cb="0"/><line nr="1161" mi="5" ci="0" mb="0" cb="0"/><line nr="1163" mi="6" ci="0" mb="0" cb="0"/><line nr="1165" mi="4" ci="0" mb="0" cb="0"/><line nr="1166" mi="7" ci="0" mb="2" cb="0"/><line nr="1167" mi="12" ci="0" mb="0" cb="0"/><line nr="1170" mi="5" ci="0" mb="0" cb="0"/><line nr="1172" mi="2" ci="0" mb="0" cb="0"/><line nr="1185" mi="2" ci="0" mb="2" cb="0"/><line nr="1186" mi="7" ci="0" mb="2" cb="0"/><line nr="1187" mi="10" ci="0" mb="0" cb="0"/><line nr="1189" mi="1" ci="0" mb="0" cb="0"/><line nr="1192" mi="4" ci="0" mb="0" cb="0"/><line nr="1193" mi="3" ci="0" mb="0" cb="0"/><line nr="1194" mi="3" ci="0" mb="0" cb="0"/><line nr="1195" mi="3" ci="0" mb="0" cb="0"/><line nr="1198" mi="2" ci="0" mb="2" cb="0"/><line nr="1199" mi="7" ci="0" mb="2" cb="0"/><line nr="1200" mi="6" ci="0" mb="0" cb="0"/><line nr="1201" mi="8" ci="0" mb="0" cb="0"/><line nr="1202" mi="8" ci="0" mb="0" cb="0"/><line nr="1204" mi="4" ci="0" mb="0" cb="0"/><line nr="1205" mi="4" ci="0" mb="0" cb="0"/><line nr="1206" mi="12" ci="0" mb="0" cb="0"/><line nr="1207" mi="1" ci="0" mb="0" cb="0"/><line nr="1208" mi="7" ci="0" mb="2" cb="0"/><line nr="1209" mi="6" ci="0" mb="0" cb="0"/><line nr="1210" mi="8" ci="0" mb="0" cb="0"/><line nr="1211" mi="8" ci="0" mb="0" cb="0"/><line nr="1212" mi="8" ci="0" mb="0" cb="0"/><line nr="1214" mi="4" ci="0" mb="0" cb="0"/><line nr="1215" mi="4" ci="0" mb="0" cb="0"/><line nr="1216" mi="4" ci="0" mb="0" cb="0"/><line nr="1217" mi="12" ci="0" mb="0" cb="0"/><line nr="1218" mi="4" ci="0" mb="0" cb="0"/><line nr="1219" mi="4" ci="0" mb="0" cb="0"/><line nr="1220" mi="12" ci="0" mb="0" cb="0"/><line nr="1221" mi="4" ci="0" mb="0" cb="0"/><line nr="1222" mi="4" ci="0" mb="0" cb="0"/><line nr="1223" mi="12" ci="0" mb="0" cb="0"/><line nr="1225" mi="1" ci="0" mb="0" cb="0"/><line nr="1234" mi="4" ci="0" mb="2" cb="0"/><line nr="1235" mi="2" ci="0" mb="0" cb="0"/><line nr="1236" mi="3" ci="0" mb="0" cb="0"/><line nr="1238" mi="18" ci="0" mb="0" cb="0"/><line nr="1240" mi="7" ci="0" mb="0" cb="0"/><line nr="1243" mi="7" ci="0" mb="2" cb="0"/><line nr="1244" mi="20" ci="0" mb="0" cb="0"/><line nr="1246" mi="1" ci="0" mb="0" cb="0"/><line nr="1254" mi="2" ci="0" mb="2" cb="0"/><line nr="1255" mi="3" ci="0" mb="0" cb="0"/><line nr="1256" mi="1" ci="0" mb="0" cb="0"/><line nr="1259" mi="3" ci="0" mb="0" cb="0"/><line nr="1261" mi="2" ci="0" mb="2" cb="0"/><line nr="1262" mi="7" ci="0" mb="2" cb="0"/><line nr="1263" mi="10" ci="0" mb="0" cb="0"/><line nr="1265" mi="4" ci="0" mb="0" cb="0"/><line nr="1266" mi="4" ci="0" mb="2" cb="0"/><line nr="1267" mi="2" ci="0" mb="0" cb="0"/><line nr="1269" mi="4" ci="0" mb="2" cb="0"/><line nr="1270" mi="2" ci="0" mb="0" cb="0"/><line nr="1272" mi="7" ci="0" mb="2" cb="0"/><line nr="1273" mi="4" ci="0" mb="0" cb="0"/><line nr="1274" mi="28" ci="0" mb="0" cb="0"/><line nr="1277" mi="1" ci="0" mb="0" cb="0"/><line nr="1278" mi="7" ci="0" mb="2" cb="0"/><line nr="1279" mi="10" ci="0" mb="0" cb="0"/><line nr="1281" mi="4" ci="0" mb="0" cb="0"/><line nr="1282" mi="4" ci="0" mb="0" cb="0"/><line nr="1283" mi="4" ci="0" mb="0" cb="0"/><line nr="1284" mi="4" ci="0" mb="2" cb="0"/><line nr="1285" mi="2" ci="0" mb="0" cb="0"/><line nr="1287" mi="4" ci="0" mb="2" cb="0"/><line nr="1288" mi="2" ci="0" mb="0" cb="0"/><line nr="1290" mi="7" ci="0" mb="2" cb="0"/><line nr="1291" mi="4" ci="0" mb="0" cb="0"/><line nr="1292" mi="24" ci="0" mb="0" cb="0"/><line nr="1293" mi="28" ci="0" mb="0" cb="0"/><line nr="1295" mi="4" ci="0" mb="0" cb="0"/><line nr="1296" mi="4" ci="0" mb="2" cb="0"/><line nr="1297" mi="2" ci="0" mb="0" cb="0"/><line nr="1299" mi="4" ci="0" mb="2" cb="0"/><line nr="1300" mi="2" ci="0" mb="0" cb="0"/><line nr="1302" mi="7" ci="0" mb="2" cb="0"/><line nr="1303" mi="25" ci="0" mb="0" cb="0"/><line nr="1306" mi="1" ci="0" mb="0" cb="0"/><line nr="1308" mi="6" ci="0" mb="0" cb="0"/><line nr="1322" mi="2" ci="0" mb="0" cb="0"/><line nr="1324" mi="3" ci="0" mb="0" cb="0"/><line nr="1325" mi="3" ci="0" mb="0" cb="0"/><line nr="1326" mi="3" ci="0" mb="0" cb="0"/><line nr="1328" mi="3" ci="0" mb="0" cb="0"/><line nr="1329" mi="6" ci="0" mb="0" cb="0"/><line nr="1330" mi="4" ci="0" mb="0" cb="0"/><line nr="1332" mi="3" ci="0" mb="0" cb="0"/><line nr="1333" mi="5" ci="0" mb="0" cb="0"/><line nr="1334" mi="3" ci="0" mb="0" cb="0"/><line nr="1337" mi="3" ci="0" mb="0" cb="0"/><line nr="1338" mi="5" ci="0" mb="0" cb="0"/><line nr="1339" mi="8" ci="0" mb="0" cb="0"/><line nr="1340" mi="13" ci="0" mb="0" cb="0"/><line nr="1344" mi="8" ci="0" mb="0" cb="0"/><line nr="1346" mi="2" ci="0" mb="0" cb="0"/><line nr="1347" mi="6" ci="0" mb="0" cb="0"/><line nr="1348" mi="2" ci="0" mb="0" cb="0"/><line nr="1351" mi="2" ci="0" mb="0" cb="0"/><line nr="1353" mi="3" ci="0" mb="0" cb="0"/><line nr="1354" mi="3" ci="0" mb="0" cb="0"/><line nr="1355" mi="3" ci="0" mb="0" cb="0"/><line nr="1356" mi="2" ci="0" mb="0" cb="0"/><line nr="1359" mi="5" ci="0" mb="0" cb="0"/><line nr="1360" mi="3" ci="0" mb="0" cb="0"/><line nr="1361" mi="3" ci="0" mb="0" cb="0"/><line nr="1362" mi="3" ci="0" mb="0" cb="0"/><line nr="1363" mi="3" ci="0" mb="0" cb="0"/><line nr="1364" mi="3" ci="0" mb="0" cb="0"/><line nr="1365" mi="3" ci="0" mb="0" cb="0"/><line nr="1366" mi="4" ci="0" mb="0" cb="0"/><line nr="1367" mi="8" ci="0" mb="0" cb="0"/><line nr="1368" mi="3" ci="0" mb="0" cb="0"/><line nr="1369" mi="3" ci="0" mb="0" cb="0"/><line nr="1370" mi="3" ci="0" mb="0" cb="0"/><line nr="1371" mi="3" ci="0" mb="0" cb="0"/><line nr="1372" mi="3" ci="0" mb="0" cb="0"/><line nr="1373" mi="3" ci="0" mb="0" cb="0"/><line nr="1374" mi="3" ci="0" mb="0" cb="0"/><line nr="1375" mi="3" ci="0" mb="0" cb="0"/><line nr="1376" mi="3" ci="0" mb="0" cb="0"/><line nr="1377" mi="3" ci="0" mb="0" cb="0"/><line nr="1378" mi="3" ci="0" mb="0" cb="0"/><line nr="1379" mi="3" ci="0" mb="0" cb="0"/><line nr="1380" mi="3" ci="0" mb="0" cb="0"/><line nr="1381" mi="3" ci="0" mb="0" cb="0"/><line nr="1382" mi="3" ci="0" mb="0" cb="0"/><line nr="1383" mi="3" ci="0" mb="0" cb="0"/><line nr="1384" mi="3" ci="0" mb="0" cb="0"/><line nr="1385" mi="3" ci="0" mb="0" cb="0"/><line nr="1386" mi="3" ci="0" mb="0" cb="0"/><line nr="1387" mi="3" ci="0" mb="0" cb="0"/><line nr="1388" mi="3" ci="0" mb="0" cb="0"/><line nr="1389" mi="4" ci="0" mb="0" cb="0"/><line nr="1390" mi="3" ci="0" mb="0" cb="0"/><line nr="1394" mi="3" ci="0" mb="2" cb="0"/><line nr="1396" mi="8" ci="0" mb="4" cb="0"/><line nr="1397" mi="1" ci="0" mb="0" cb="0"/><line nr="1400" mi="5" ci="0" mb="0" cb="0"/><line nr="1401" mi="7" ci="0" mb="2" cb="0"/><line nr="1402" mi="12" ci="0" mb="0" cb="0"/><line nr="1406" mi="6" ci="0" mb="0" cb="0"/><line nr="1407" mi="4" ci="0" mb="0" cb="0"/><line nr="1409" mi="5" ci="0" mb="0" cb="0"/><line nr="1410" mi="6" ci="0" mb="0" cb="0"/><line nr="1412" mi="4" ci="0" mb="0" cb="0"/><line nr="1414" mi="3" ci="0" mb="0" cb="0"/><line nr="1415" mi="6" ci="0" mb="0" cb="0"/><line nr="1416" mi="4" ci="0" mb="0" cb="0"/><line nr="1418" mi="5" ci="0" mb="0" cb="0"/><line nr="1419" mi="3" ci="0" mb="0" cb="0"/><line nr="1420" mi="3" ci="0" mb="0" cb="0"/><line nr="1421" mi="3" ci="0" mb="0" cb="0"/><line nr="1422" mi="3" ci="0" mb="0" cb="0"/><line nr="1423" mi="3" ci="0" mb="0" cb="0"/><line nr="1424" mi="3" ci="0" mb="0" cb="0"/><line nr="1425" mi="3" ci="0" mb="0" cb="0"/><line nr="1426" mi="3" ci="0" mb="0" cb="0"/><line nr="1427" mi="3" ci="0" mb="0" cb="0"/><line nr="1428" mi="3" ci="0" mb="0" cb="0"/><line nr="1429" mi="3" ci="0" mb="0" cb="0"/><line nr="1430" mi="3" ci="0" mb="0" cb="0"/><line nr="1431" mi="3" ci="0" mb="0" cb="0"/><line nr="1432" mi="3" ci="0" mb="0" cb="0"/><line nr="1433" mi="3" ci="0" mb="0" cb="0"/><line nr="1434" mi="3" ci="0" mb="0" cb="0"/><line nr="1435" mi="3" ci="0" mb="0" cb="0"/><line nr="1436" mi="3" ci="0" mb="0" cb="0"/><line nr="1437" mi="3" ci="0" mb="0" cb="0"/><line nr="1438" mi="3" ci="0" mb="0" cb="0"/><line nr="1439" mi="3" ci="0" mb="0" cb="0"/><line nr="1440" mi="4" ci="0" mb="0" cb="0"/><line nr="1441" mi="3" ci="0" mb="0" cb="0"/><line nr="1442" mi="9" ci="0" mb="0" cb="0"/><line nr="1443" mi="3" ci="0" mb="0" cb="0"/><line nr="1444" mi="3" ci="0" mb="0" cb="0"/><line nr="1445" mi="3" ci="0" mb="0" cb="0"/><line nr="1446" mi="3" ci="0" mb="0" cb="0"/><line nr="1447" mi="3" ci="0" mb="0" cb="0"/><line nr="1448" mi="3" ci="0" mb="0" cb="0"/><line nr="1449" mi="3" ci="0" mb="0" cb="0"/><line nr="1450" mi="3" ci="0" mb="0" cb="0"/><line nr="1451" mi="3" ci="0" mb="0" cb="0"/><line nr="1452" mi="3" ci="0" mb="0" cb="0"/><line nr="1453" mi="3" ci="0" mb="0" cb="0"/><line nr="1454" mi="3" ci="0" mb="0" cb="0"/><line nr="1455" mi="3" ci="0" mb="0" cb="0"/><line nr="1456" mi="3" ci="0" mb="0" cb="0"/><line nr="1457" mi="3" ci="0" mb="0" cb="0"/><line nr="1458" mi="3" ci="0" mb="0" cb="0"/><line nr="1459" mi="3" ci="0" mb="0" cb="0"/><line nr="1460" mi="3" ci="0" mb="0" cb="0"/><line nr="1461" mi="3" ci="0" mb="0" cb="0"/><line nr="1462" mi="3" ci="0" mb="0" cb="0"/><line nr="1463" mi="3" ci="0" mb="0" cb="0"/><line nr="1464" mi="4" ci="0" mb="0" cb="0"/><line nr="1465" mi="3" ci="0" mb="0" cb="0"/><line nr="1468" mi="5" ci="0" mb="2" cb="0"/><line nr="1469" mi="3" ci="0" mb="0" cb="0"/><line nr="1471" mi="1" ci="0" mb="0" cb="0"/><line nr="1473" mi="3" ci="0" mb="2" cb="0"/><line nr="1475" mi="3" ci="0" mb="0" cb="0"/><line nr="1476" mi="5" ci="0" mb="0" cb="0"/><line nr="1477" mi="3" ci="0" mb="0" cb="0"/><line nr="1478" mi="2" ci="0" mb="0" cb="0"/><line nr="1479" mi="3" ci="0" mb="2" cb="0"/><line nr="1481" mi="2" ci="0" mb="0" cb="0"/><line nr="1482" mi="3" ci="0" mb="2" cb="0"/><line nr="1484" mi="2" ci="0" mb="0" cb="0"/><line nr="1487" mi="2" ci="0" mb="0" cb="0"/><line nr="1491" mi="6" ci="0" mb="0" cb="0"/><line nr="1528" mi="14" ci="0" mb="6" cb="0"/><line nr="1529" mi="2" ci="0" mb="0" cb="0"/><line nr="1531" mi="5" ci="0" mb="2" cb="0"/><line nr="1532" mi="3" ci="0" mb="0" cb="0"/><line nr="1534" mi="4" ci="0" mb="0" cb="0"/><line nr="1541" mi="3" ci="0" mb="0" cb="0"/><line nr="1542" mi="3" ci="0" mb="0" cb="0"/><line nr="1543" mi="3" ci="0" mb="0" cb="0"/><line nr="1544" mi="4" ci="0" mb="0" cb="0"/><line nr="1545" mi="4" ci="0" mb="0" cb="0"/><line nr="1546" mi="4" ci="0" mb="0" cb="0"/><line nr="1547" mi="4" ci="0" mb="0" cb="0"/><line nr="1548" mi="4" ci="0" mb="0" cb="0"/><line nr="1549" mi="4" ci="0" mb="0" cb="0"/><line nr="1550" mi="3" ci="0" mb="0" cb="0"/><line nr="1553" mi="3" ci="0" mb="0" cb="0"/><line nr="1558" mi="3" ci="0" mb="0" cb="0"/><line nr="1559" mi="14" ci="0" mb="0" cb="0"/><line nr="1560" mi="7" ci="0" mb="0" cb="0"/><line nr="1561" mi="4" ci="0" mb="0" cb="0"/><line nr="1564" mi="7" ci="0" mb="0" cb="0"/><line nr="1565" mi="7" ci="0" mb="0" cb="0"/><line nr="1569" mi="6" ci="0" mb="2" cb="0"/><line nr="1570" mi="4" ci="0" mb="0" cb="0"/><line nr="1572" mi="18" ci="0" mb="0" cb="0"/><line nr="1574" mi="4" ci="0" mb="0" cb="0"/><line nr="1575" mi="12" ci="0" mb="4" cb="0"/><line nr="1576" mi="5" ci="0" mb="0" cb="0"/><line nr="1578" mi="12" ci="0" mb="4" cb="0"/><line nr="1579" mi="4" ci="0" mb="0" cb="0"/><line nr="1581" mi="2" ci="0" mb="0" cb="0"/><line nr="1584" mi="7" ci="0" mb="0" cb="0"/><line nr="1616" mi="6" ci="0" mb="2" cb="0"/><line nr="1619" mi="12" ci="0" mb="0" cb="0"/><line nr="1620" mi="5" ci="0" mb="2" cb="0"/><line nr="1627" mi="9" ci="0" mb="0" cb="0"/><line nr="1628" mi="5" ci="0" mb="0" cb="0"/><line nr="1629" mi="5" ci="0" mb="0" cb="0"/><line nr="1630" mi="5" ci="0" mb="2" cb="0"/><line nr="1631" mi="2" ci="0" mb="0" cb="0"/><line nr="1632" mi="7" ci="0" mb="2" cb="0"/><line nr="1633" mi="3" ci="0" mb="0" cb="0"/><line nr="1636" mi="5" ci="0" mb="2" cb="0"/><line nr="1637" mi="11" ci="0" mb="0" cb="0"/><line nr="1639" mi="15" ci="0" mb="0" cb="0"/><line nr="1640" mi="6" ci="0" mb="2" cb="0"/><line nr="1641" mi="4" ci="0" mb="0" cb="0"/><line nr="1643" mi="1" ci="0" mb="0" cb="0"/><line nr="1644" mi="4" ci="0" mb="0" cb="0"/><line nr="1645" mi="4" ci="0" mb="0" cb="0"/><line nr="1646" mi="4" ci="0" mb="0" cb="0"/><line nr="1647" mi="4" ci="0" mb="0" cb="0"/><line nr="1648" mi="7" ci="0" mb="0" cb="0"/><line nr="1649" mi="7" ci="0" mb="0" cb="0"/><line nr="1650" mi="7" ci="0" mb="0" cb="0"/><line nr="1651" mi="5" ci="0" mb="0" cb="0"/><line nr="1652" mi="7" ci="0" mb="0" cb="0"/><line nr="1653" mi="5" ci="0" mb="2" cb="0"/><line nr="1654" mi="4" ci="0" mb="0" cb="0"/><line nr="1656" mi="3" ci="0" mb="0" cb="0"/><line nr="1657" mi="3" ci="0" mb="0" cb="0"/><line nr="1659" mi="11" ci="0" mb="0" cb="0"/><line nr="1660" mi="1" ci="0" mb="0" cb="0"/><line nr="1666" mi="5" ci="0" mb="2" cb="0"/><line nr="1667" mi="5" ci="0" mb="0" cb="0"/><line nr="1669" mi="4" ci="0" mb="0" cb="0"/><line nr="1670" mi="3" ci="0" mb="0" cb="0"/><line nr="1672" mi="4" ci="0" mb="0" cb="0"/><line nr="1673" mi="4" ci="0" mb="0" cb="0"/><line nr="1674" mi="4" ci="0" mb="0" cb="0"/><line nr="1677" mi="6" ci="0" mb="0" cb="0"/><line nr="1678" mi="8" ci="0" mb="0" cb="0"/><line nr="1681" mi="15" ci="0" mb="2" cb="0"/><line nr="1682" mi="15" ci="0" mb="4" cb="0"/><line nr="1683" mi="12" ci="0" mb="4" cb="0"/><line nr="1684" mi="2" ci="0" mb="2" cb="0"/><line nr="1685" mi="5" ci="0" mb="2" cb="0"/><line nr="1686" mi="2" ci="0" mb="0" cb="0"/><line nr="1695" mi="9" ci="0" mb="2" cb="0"/><line nr="1696" mi="2" ci="0" mb="0" cb="0"/><line nr="1698" mi="6" ci="0" mb="0" cb="0"/><line nr="1699" mi="5" ci="0" mb="2" cb="0"/><line nr="1700" mi="2" ci="0" mb="0" cb="0"/><line nr="1702" mi="6" ci="0" mb="0" cb="0"/><line nr="1703" mi="6" ci="0" mb="0" cb="0"/><line nr="1704" mi="4" ci="0" mb="0" cb="0"/><line nr="1708" mi="2" ci="0" mb="0" cb="0"/><line nr="1709" mi="2" ci="0" mb="0" cb="0"/><line nr="1710" mi="2" ci="0" mb="0" cb="0"/><line nr="1713" mi="7" ci="0" mb="2" cb="0"/><line nr="1715" mi="17" ci="0" mb="0" cb="0"/><line nr="1716" mi="3" ci="0" mb="0" cb="0"/><line nr="1717" mi="2" ci="0" mb="0" cb="0"/><line nr="1718" mi="10" ci="0" mb="4" cb="0"/><line nr="1721" mi="4" ci="0" mb="0" cb="0"/><line nr="1722" mi="4" ci="0" mb="0" cb="0"/><line nr="1723" mi="6" ci="0" mb="0" cb="0"/><line nr="1724" mi="10" ci="0" mb="2" cb="0"/><line nr="1725" mi="9" ci="0" mb="4" cb="0"/><line nr="1727" mi="13" ci="0" mb="0" cb="0"/><line nr="1729" mi="2" ci="0" mb="0" cb="0"/><line nr="1730" mi="2" ci="0" mb="0" cb="0"/><line nr="1731" mi="1" ci="0" mb="0" cb="0"/><line nr="1735" mi="2" ci="0" mb="0" cb="0"/><line nr="1736" mi="2" ci="0" mb="0" cb="0"/><line nr="1738" mi="4" ci="0" mb="2" cb="0"/><line nr="1740" mi="4" ci="0" mb="2" cb="0"/><line nr="1741" mi="4" ci="0" mb="0" cb="0"/><line nr="1743" mi="4" ci="0" mb="2" cb="0"/><line nr="1744" mi="4" ci="0" mb="0" cb="0"/><line nr="1745" mi="6" ci="0" mb="0" cb="0"/><line nr="1747" mi="3" ci="0" mb="0" cb="0"/><line nr="1750" mi="4" ci="0" mb="2" cb="0"/><line nr="1751" mi="4" ci="0" mb="0" cb="0"/><line nr="1753" mi="4" ci="0" mb="2" cb="0"/><line nr="1754" mi="4" ci="0" mb="0" cb="0"/><line nr="1755" mi="6" ci="0" mb="0" cb="0"/><line nr="1757" mi="2" ci="0" mb="0" cb="0"/><line nr="1759" mi="3" ci="0" mb="0" cb="0"/><line nr="1760" mi="2" ci="0" mb="0" cb="0"/><line nr="1761" mi="6" ci="0" mb="2" cb="0"/><line nr="1762" mi="4" ci="0" mb="0" cb="0"/><line nr="1768" mi="5" ci="0" mb="2" cb="0"/><line nr="1769" mi="3" ci="0" mb="0" cb="0"/><line nr="1771" mi="10" ci="0" mb="0" cb="0"/><line nr="1772" mi="10" ci="0" mb="0" cb="0"/><line nr="1773" mi="4" ci="0" mb="2" cb="0"/><line nr="1774" mi="3" ci="0" mb="0" cb="0"/><line nr="1776" mi="4" ci="0" mb="2" cb="0"/><line nr="1777" mi="3" ci="0" mb="0" cb="0"/><line nr="1779" mi="3" ci="0" mb="0" cb="0"/><line nr="1780" mi="9" ci="0" mb="4" cb="0"/><line nr="1781" mi="4" ci="0" mb="0" cb="0"/><line nr="1787" mi="3" ci="0" mb="0" cb="0"/><line nr="1788" mi="4" ci="0" mb="0" cb="0"/><line nr="1789" mi="3" ci="0" mb="0" cb="0"/><line nr="1790" mi="23" ci="0" mb="10" cb="0"/><line nr="1791" mi="3" ci="0" mb="2" cb="0"/><line nr="1794" mi="3" ci="0" mb="0" cb="0"/><line nr="1795" mi="3" ci="0" mb="0" cb="0"/><line nr="1796" mi="5" ci="0" mb="2" cb="0"/><line nr="1797" mi="3" ci="0" mb="0" cb="0"/><line nr="1801" mi="6" ci="0" mb="0" cb="0"/><line nr="1802" mi="14" ci="0" mb="0" cb="0"/><line nr="1803" mi="5" ci="0" mb="2" cb="0"/><line nr="1804" mi="9" ci="0" mb="0" cb="0"/><line nr="1806" mi="1" ci="0" mb="0" cb="0"/><line nr="1807" mi="8" ci="0" mb="0" cb="0"/><line nr="1808" mi="6" ci="0" mb="2" cb="0"/><line nr="1809" mi="4" ci="0" mb="0" cb="0"/><line nr="1811" mi="6" ci="0" mb="2" cb="0"/><line nr="1812" mi="6" ci="0" mb="0" cb="0"/><line nr="1816" mi="5" ci="0" mb="2" cb="0"/><line nr="1817" mi="3" ci="0" mb="0" cb="0"/><line nr="1819" mi="5" ci="0" mb="2" cb="0"/><line nr="1820" mi="4" ci="0" mb="0" cb="0"/><line nr="1829" mi="23" ci="0" mb="6" cb="0"/><line nr="1830" mi="8" ci="0" mb="0" cb="0"/><line nr="1833" mi="5" ci="0" mb="0" cb="0"/><line nr="1836" mi="16" ci="0" mb="4" cb="0"/><line nr="1837" mi="4" ci="0" mb="2" cb="0"/><line nr="1838" mi="6" ci="0" mb="0" cb="0"/><line nr="1840" mi="4" ci="0" mb="0" cb="0"/><line nr="1847" mi="6" ci="0" mb="2" cb="0"/><line nr="1848" mi="4" ci="0" mb="0" cb="0"/><line nr="1850" mi="18" ci="0" mb="0" cb="0"/><line nr="1852" mi="4" ci="0" mb="0" cb="0"/><line nr="1853" mi="12" ci="0" mb="4" cb="0"/><line nr="1854" mi="5" ci="0" mb="0" cb="0"/><line nr="1856" mi="12" ci="0" mb="4" cb="0"/><line nr="1857" mi="4" ci="0" mb="0" cb="0"/><line nr="1859" mi="2" ci="0" mb="0" cb="0"/><counter type="INSTRUCTION" missed="4602" covered="0"/><counter type="BRANCH" missed="456" covered="0"/><counter type="LINE" missed="872" covered="0"/><counter type="COMPLEXITY" missed="275" covered="0"/><counter type="METHOD" missed="47" covered="0"/><counter type="CLASS" missed="10" covered="0"/></sourcefile><sourcefile name="TncResult.java"><line nr="20" mi="2" ci="0" mb="0" cb="0"/><line nr="21" mi="3" ci="0" mb="0" cb="0"/><line nr="22" mi="3" ci="0" mb="0" cb="0"/><line nr="23" mi="3" ci="0" mb="0" cb="0"/><line nr="24" mi="3" ci="0" mb="0" cb="0"/><line nr="25" mi="3" ci="0" mb="0" cb="0"/><line nr="26" mi="1" ci="0" mb="0" cb="0"/><line nr="29" mi="3" ci="0" mb="0" cb="0"/><line nr="33" mi="3" ci="0" mb="0" cb="0"/><line nr="37" mi="3" ci="0" mb="0" cb="0"/><line nr="41" mi="3" ci="0" mb="0" cb="0"/><line nr="45" mi="3" ci="0" mb="0" cb="0"/><counter type="INSTRUCTION" missed="33" covered="0"/><counter type="LINE" missed="12" covered="0"/><counter type="COMPLEXITY" missed="6" covered="0"/><counter type="METHOD" missed="6" covered="0"/><counter type="CLASS" missed="1" covered="0"/></sourcefile><sourcefile name="TncTest.java"><line nr="12" mi="3" ci="0" mb="0" cb="0"/><line nr="15" mi="1" ci="0" mb="0" cb="0"/><counter type="INSTRUCTION" missed="4" covered="0"/><counter type="LINE" missed="2" covered="0"/><counter type="COMPLEXITY" missed="2" covered="0"/><counter type="METHOD" missed="2" covered="0"/><counter type="CLASS" missed="1" covered="0"/></sourcefile><sourcefile name="Tnc.java"><line nr="12" mi="2" ci="0" mb="0" cb="0"/><line nr="21" mi="3" ci="0" mb="0" cb="0"/><line nr="22" mi="3" ci="0" mb="0" cb="0"/><line nr="24" mi="3" ci="0" mb="0" cb="0"/><line nr="25" mi="3" ci="0" mb="0" cb="0"/><line nr="26" mi="3" ci="0" mb="0" cb="0"/><line nr="27" mi="3" ci="0" mb="0" cb="0"/><line nr="28" mi="3" ci="0" mb="0" cb="0"/><line nr="29" mi="3" ci="0" mb="0" cb="0"/><line nr="30" mi="4" ci="0" mb="0" cb="0"/><line nr="36" mi="3" ci="0" mb="0" cb="0"/><line nr="37" mi="2" ci="0" mb="0" cb="0"/><line nr="44" mi="3" ci="0" mb="0" cb="0"/><line nr="45" mi="2" ci="0" mb="0" cb="0"/><line nr="52" mi="3" ci="0" mb="0" cb="0"/><line nr="53" mi="2" ci="0" mb="0" cb="0"/><line nr="61" mi="3" ci="0" mb="0" cb="0"/><line nr="62" mi="2" ci="0" mb="0" cb="0"/><line nr="70" mi="3" ci="0" mb="0" cb="0"/><line nr="71" mi="2" ci="0" mb="0" cb="0"/><line nr="79" mi="3" ci="0" mb="0" cb="0"/><line nr="80" mi="2" ci="0" mb="0" cb="0"/><line nr="88" mi="3" ci="0" mb="0" cb="0"/><line nr="89" mi="2" ci="0" mb="0" cb="0"/><line nr="99" mi="3" ci="0" mb="0" cb="0"/><line nr="100" mi="2" ci="0" mb="0" cb="0"/><line nr="108" mi="3" ci="0" mb="0" cb="0"/><line nr="109" mi="2" ci="0" mb="0" cb="0"/><line nr="117" mi="4" ci="0" mb="0" cb="0"/><line nr="118" mi="2" ci="0" mb="0" cb="0"/><line nr="127" mi="3" ci="0" mb="0" cb="0"/><line nr="128" mi="2" ci="0" mb="0" cb="0"/><line nr="137" mi="3" ci="0" mb="0" cb="0"/><line nr="138" mi="2" ci="0" mb="0" cb="0"/><line nr="145" mi="3" ci="0" mb="0" cb="0"/><line nr="146" mi="2" ci="0" mb="0" cb="0"/><line nr="154" mi="3" ci="0" mb="0" cb="0"/><line nr="155" mi="2" ci="0" mb="0" cb="0"/><line nr="164" mi="3" ci="0" mb="0" cb="0"/><line nr="165" mi="2" ci="0" mb="0" cb="0"/><line nr="175" mi="3" ci="0" mb="0" cb="0"/><line nr="176" mi="2" ci="0" mb="0" cb="0"/><line nr="185" mi="3" ci="0" mb="0" cb="0"/><line nr="186" mi="2" ci="0" mb="0" cb="0"/><line nr="190" mi="2" ci="0" mb="2" cb="0"/><line nr="191" mi="2" ci="0" mb="0" cb="0"/><line nr="194" mi="4" ci="0" mb="0" cb="0"/><line nr="195" mi="7" ci="0" mb="0" cb="0"/><line nr="196" mi="2" ci="0" mb="0" cb="0"/><line nr="200" mi="3" ci="0" mb="2" cb="0"/><line nr="201" mi="5" ci="0" mb="0" cb="0"/><line nr="204" mi="3" ci="0" mb="2" cb="0"/><line nr="205" mi="5" ci="0" mb="0" cb="0"/><line nr="209" mi="10" ci="0" mb="4" cb="0"/><line nr="210" mi="5" ci="0" mb="0" cb="0"/><line nr="214" mi="10" ci="0" mb="4" cb="0"/><line nr="215" mi="5" ci="0" mb="0" cb="0"/><line nr="219" mi="10" ci="0" mb="4" cb="0"/><line nr="220" mi="5" ci="0" mb="0" cb="0"/><line nr="224" mi="10" ci="0" mb="4" cb="0"/><line nr="225" mi="5" ci="0" mb="0" cb="0"/><line nr="227" mi="1" ci="0" mb="0" cb="0"/><line nr="230" mi="2" ci="0" mb="0" cb="0"/><line nr="232" mi="5" ci="0" mb="0" cb="0"/><line nr="234" mi="5" ci="0" mb="2" cb="0"/><line nr="235" mi="10" ci="0" mb="0" cb="0"/><line nr="237" mi="4" ci="0" mb="0" cb="0"/><line nr="238" mi="4" ci="0" mb="0" cb="0"/><line nr="239" mi="5" ci="0" mb="0" cb="0"/><line nr="240" mi="17" ci="0" mb="0" cb="0"/><line nr="241" mi="9" ci="0" mb="0" cb="0"/><line nr="242" mi="23" ci="0" mb="0" cb="0"/><line nr="247" mi="12" ci="0" mb="0" cb="0"/><counter type="INSTRUCTION" missed="306" covered="0"/><counter type="BRANCH" missed="24" covered="0"/><counter type="LINE" missed="73" covered="0"/><counter type="COMPLEXITY" missed="33" covered="0"/><counter type="METHOD" missed="21" covered="0"/><counter type="CLASS" missed="1" covered="0"/></sourcefile><counter type="INSTRUCTION" missed="4948" covered="179"/><counter type="BRANCH" missed="480" covered="20"/><counter type="LINE" missed="960" covered="35"/><counter type="COMPLEXITY" missed="317" covered="17"/><counter type="METHOD" missed="77" covered="7"/><counter type="CLASS" missed="14" covered="1"/></package><counter type="INSTRUCTION" missed="4948" covered="179"/><counter type="BRANCH" missed="480" covered="20"/><counter type="LINE" missed="960" covered="35"/><counter type="COMPLEXITY" missed="317" covered="17"/><counter type="METHOD" missed="77" covered="7"/><counter type="CLASS" missed="14" covered="1"/></report>